[ 2016-05-01T09:02:08+08:00 ] 127.0.0.1 /mouth5/zhoukaosan/index.php
INFO: [ app_init ] --START--
INFO: Run Behavior\BuildLiteBehavior [ RunTime:0.000018s ]
INFO: [ app_init ] --END-- [ RunTime:0.000490s ]

[ 2016-05-01T09:02:08+08:00 ] 127.0.0.1 /mouth5/zhoukaosan/index.php/Home/Login/login.html
INFO: [ app_init ] --START--
INFO: Run Behavior\BuildLiteBehavior [ RunTime:0.000014s ]
INFO: [ app_init ] --END-- [ RunTime:0.000587s ]

[ 2016-05-01T09:03:13+08:00 ] 127.0.0.1 /mouth5/zhoukaosan/index.php/Home/Login/login_check.html
INFO: [ app_init ] --START--
INFO: Run Behavior\BuildLiteBehavior [ RunTime:0.000026s ]
INFO: [ app_init ] --END-- [ RunTime:0.000600s ]

[ 2016-05-01T09:03:13+08:00 ] 127.0.0.1 /mouth5/zhoukaosan/index.php/Home/Index/index.html
INFO: [ app_init ] --START--
INFO: Run Behavior\BuildLiteBehavior [ RunTime:0.000014s ]
INFO: [ app_init ] --END-- [ RunTime:0.000326s ]

[ 2016-05-01T09:03:19+08:00 ] 127.0.0.1 /mouth5/zhoukaosan/index.php/Home/Index/fenpei.html
INFO: [ app_init ] --START--
INFO: Run Behavior\BuildLiteBehavior [ RunTime:0.000016s ]
INFO: [ app_init ] --END-- [ RunTime:0.000377s ]

[ 2016-05-01T09:03:40+08:00 ] 127.0.0.1 /mouth5/zhoukaosan/index.php/Home/Index/fenpei
INFO: [ app_init ] --START--
INFO: Run Behavior\BuildLiteBehavior [ RunTime:0.000017s ]
INFO: [ app_init ] --END-- [ RunTime:0.000514s ]
INFO: [ app_begin ] --START--
INFO: Run Behavior\ReadHtmlCacheBehavior [ RunTime:0.000503s ]
INFO: [ app_begin ] --END-- [ RunTime:0.000564s ]
SQL: SHOW COLUMNS FROM `role` [ RunTime:0.0047s ]
SQL: SELECT * FROM `role` WHERE `r_role` = '讲师' LIMIT 1   [ RunTime:0.0009s ]
SQL: INSERT INTO `role` (`r_role`) VALUES ('讲师') [ RunTime:0.0556s ]
SQL: SELECT * FROM `role` WHERE `r_role` = '讲师' LIMIT 1   [ RunTime:0.0003s ]
INFO: [ app_end ] --START--
INFO: Run Behavior\ShowPageTraceBehavior [ RunTime:0.000578s ]
INFO: [ app_end ] --END-- [ RunTime:0.000638s ]

[ 2016-05-01T09:03:47+08:00 ] 127.0.0.1 /mouth5/zhoukaosan/index.php/Home/Index/fenpei.html
INFO: [ app_init ] --START--
INFO: Run Behavior\BuildLiteBehavior [ RunTime:0.000014s ]
INFO: [ app_init ] --END-- [ RunTime:0.000307s ]

[ 2016-05-01T09:03:49+08:00 ] 127.0.0.1 /mouth5/zhoukaosan/index.php/Home/Index/fenpei.html
INFO: [ app_init ] --START--
INFO: Run Behavior\BuildLiteBehavior [ RunTime:0.000022s ]
INFO: [ app_init ] --END-- [ RunTime:0.000510s ]

[ 2016-05-01T09:03:50+08:00 ] 127.0.0.1 /mouth5/zhoukaosan/index.php/Home/Index/fenpei.html
INFO: [ app_init ] --START--
INFO: Run Behavior\BuildLiteBehavior [ RunTime:0.000014s ]
INFO: [ app_init ] --END-- [ RunTime:0.000477s ]

[ 2016-05-01T09:03:51+08:00 ] 127.0.0.1 /mouth5/zhoukaosan/index.php/Home/Index/fenpei.html
INFO: [ app_init ] --START--
INFO: Run Behavior\BuildLiteBehavior [ RunTime:0.000016s ]
INFO: [ app_init ] --END-- [ RunTime:0.000483s ]

[ 2016-05-01T09:03:51+08:00 ] 127.0.0.1 /mouth5/zhoukaosan/index.php/Home/Index/fenpei.html
INFO: [ app_init ] --START--
INFO: Run Behavior\BuildLiteBehavior [ RunTime:0.000014s ]
INFO: [ app_init ] --END-- [ RunTime:0.000613s ]

[ 2016-05-01T09:03:52+08:00 ] 127.0.0.1 /mouth5/zhoukaosan/index.php/Home/Index/fenpei.html
INFO: [ app_init ] --START--
INFO: Run Behavior\BuildLiteBehavior [ RunTime:0.000028s ]
INFO: [ app_init ] --END-- [ RunTime:0.000828s ]

[ 2016-05-01T09:03:52+08:00 ] 127.0.0.1 /mouth5/zhoukaosan/index.php/Home/Index/fenpei.html
INFO: [ app_init ] --START--
INFO: Run Behavior\BuildLiteBehavior [ RunTime:0.000023s ]
INFO: [ app_init ] --END-- [ RunTime:0.000571s ]

[ 2016-05-01T09:04:05+08:00 ] 127.0.0.1 /mouth5/zhoukaosan/index.php/Home/Index/fenpei
INFO: [ app_init ] --START--
INFO: Run Behavior\BuildLiteBehavior [ RunTime:0.000013s ]
INFO: [ app_init ] --END-- [ RunTime:0.000362s ]
INFO: [ app_begin ] --START--
INFO: Run Behavior\ReadHtmlCacheBehavior [ RunTime:0.000539s ]
INFO: [ app_begin ] --END-- [ RunTime:0.000591s ]
SQL: SHOW COLUMNS FROM `role` [ RunTime:0.0044s ]
SQL: SELECT * FROM `role` WHERE `r_role` = '校长' LIMIT 1   [ RunTime:0.0008s ]
INFO: [ app_end ] --START--
INFO: Run Behavior\ShowPageTraceBehavior [ RunTime:0.000779s ]
INFO: [ app_end ] --END-- [ RunTime:0.000835s ]

[ 2016-05-01T09:04:08+08:00 ] 127.0.0.1 /mouth5/zhoukaosan/index.php/Home/Index/fenpei.html
INFO: [ app_init ] --START--
INFO: Run Behavior\BuildLiteBehavior [ RunTime:0.000015s ]
INFO: [ app_init ] --END-- [ RunTime:0.000347s ]

[ 2016-05-01T09:04:13+08:00 ] 127.0.0.1 /mouth5/zhoukaosan/index.php/Home/Index/quanxian.html
INFO: [ app_init ] --START--
INFO: Run Behavior\BuildLiteBehavior [ RunTime:0.000014s ]
INFO: [ app_init ] --END-- [ RunTime:0.000336s ]

[ 2016-05-01T09:04:16+08:00 ] 127.0.0.1 /mouth5/zhoukaosan/index.php/Home/Index/uquery.html
INFO: [ app_init ] --START--
INFO: Run Behavior\BuildLiteBehavior [ RunTime:0.000015s ]
INFO: [ app_init ] --END-- [ RunTime:0.000506s ]
INFO: [ app_begin ] --START--
INFO: Run Behavior\ReadHtmlCacheBehavior [ RunTime:0.000680s ]
INFO: [ app_begin ] --END-- [ RunTime:0.000733s ]
SQL: SHOW COLUMNS FROM `pivilege` [ RunTime:0.0045s ]
SQL: SELECT * FROM `pivilege` INNER JOIN r_p on r_p.p_id=pivilege.p_id  WHERE `r_id` = '1'  [ RunTime:0.0005s ]
INFO: [ app_end ] --START--
INFO: Run Behavior\ShowPageTraceBehavior [ RunTime:0.000702s ]
INFO: [ app_end ] --END-- [ RunTime:0.000762s ]

[ 2016-05-01T09:04:23+08:00 ] 127.0.0.1 /mouth5/zhoukaosan/index.php/Home/Index/quanxian.html
INFO: [ app_init ] --START--
INFO: Run Behavior\BuildLiteBehavior [ RunTime:0.000023s ]
INFO: [ app_init ] --END-- [ RunTime:0.000590s ]

[ 2016-05-01T09:04:24+08:00 ] 127.0.0.1 /mouth5/zhoukaosan/index.php/Home/Index/quanxian.html
INFO: [ app_init ] --START--
INFO: Run Behavior\BuildLiteBehavior [ RunTime:0.000014s ]
INFO: [ app_init ] --END-- [ RunTime:0.000356s ]

[ 2016-05-01T09:04:26+08:00 ] 127.0.0.1 /mouth5/zhoukaosan/index.php/Home/Index/uquery.html
INFO: [ app_init ] --START--
INFO: Run Behavior\BuildLiteBehavior [ RunTime:0.000014s ]
INFO: [ app_init ] --END-- [ RunTime:0.000334s ]
INFO: [ app_begin ] --START--
INFO: Run Behavior\ReadHtmlCacheBehavior [ RunTime:0.000509s ]
INFO: [ app_begin ] --END-- [ RunTime:0.000580s ]
SQL: SHOW COLUMNS FROM `pivilege` [ RunTime:0.0047s ]
SQL: SELECT * FROM `pivilege` INNER JOIN r_p on r_p.p_id=pivilege.p_id  WHERE `r_id` = '1'  [ RunTime:0.0008s ]
INFO: [ app_end ] --START--
INFO: Run Behavior\ShowPageTraceBehavior [ RunTime:0.000833s ]
INFO: [ app_end ] --END-- [ RunTime:0.000917s ]

[ 2016-05-01T09:04:30+08:00 ] 127.0.0.1 /mouth5/zhoukaosan/index.php/Home/Index/adduser.html
INFO: [ app_init ] --START--
INFO: Run Behavior\BuildLiteBehavior [ RunTime:0.000016s ]
INFO: [ app_init ] --END-- [ RunTime:0.000402s ]

[ 2016-05-01T09:04:45+08:00 ] 127.0.0.1 /mouth5/zhoukaosan/index.php/Home/Index/adduser.html
INFO: [ app_init ] --START--
INFO: Run Behavior\BuildLiteBehavior [ RunTime:0.000026s ]
INFO: [ app_init ] --END-- [ RunTime:0.000920s ]

[ 2016-05-01T09:04:46+08:00 ] 127.0.0.1 /mouth5/zhoukaosan/index.php/Home/Index/adduser.html
INFO: [ app_init ] --START--
INFO: Run Behavior\BuildLiteBehavior [ RunTime:0.000014s ]
INFO: [ app_init ] --END-- [ RunTime:0.000446s ]

[ 2016-05-01T09:04:53+08:00 ] 127.0.0.1 /mouth5/zhoukaosan/index.php/Home/Index/adduser.html
INFO: [ app_init ] --START--
INFO: Run Behavior\BuildLiteBehavior [ RunTime:0.000015s ]
INFO: [ app_init ] --END-- [ RunTime:0.000543s ]

