[ 2016-05-02T17:54:05+08:00 ] 127.0.0.1 /mouth5/zhoukaosan/index.php
INFO: [ app_init ] --START--
INFO: Run Behavior\BuildLiteBehavior [ RunTime:0.000016s ]
INFO: [ app_init ] --END-- [ RunTime:0.000415s ]

[ 2016-05-02T17:54:05+08:00 ] 127.0.0.1 /mouth5/zhoukaosan/index.php/Home/Login/login.html
INFO: [ app_init ] --START--
INFO: Run Behavior\BuildLiteBehavior [ RunTime:0.000014s ]
INFO: [ app_init ] --END-- [ RunTime:0.000344s ]

[ 2016-05-02T17:54:33+08:00 ] 127.0.0.1 /mouth5/zhoukaosan/index.php/Home/Login/login_check.html
INFO: [ app_init ] --START--
INFO: Run Behavior\BuildLiteBehavior [ RunTime:0.000021s ]
INFO: [ app_init ] --END-- [ RunTime:0.000433s ]

[ 2016-05-02T17:54:33+08:00 ] 127.0.0.1 /mouth5/zhoukaosan/index.php/Home/Index/index.html
INFO: [ app_init ] --START--
INFO: Run Behavior\BuildLiteBehavior [ RunTime:0.000018s ]
INFO: [ app_init ] --END-- [ RunTime:0.000415s ]

[ 2016-05-02T17:54:37+08:00 ] 127.0.0.1 /mouth5/zhoukaosan/index.php/Home/Index/index.html
INFO: [ app_init ] --START--
INFO: Run Behavior\BuildLiteBehavior [ RunTime:0.000014s ]
INFO: [ app_init ] --END-- [ RunTime:0.000325s ]

[ 2016-05-02T17:54:38+08:00 ] 127.0.0.1 /mouth5/zhoukaosan/index.php/Home/Index/index.html
INFO: [ app_init ] --START--
INFO: Run Behavior\BuildLiteBehavior [ RunTime:0.000024s ]
INFO: [ app_init ] --END-- [ RunTime:0.000458s ]

[ 2016-05-02T17:54:39+08:00 ] 127.0.0.1 /mouth5/zhoukaosan/index.php/Home/Index/index.html
INFO: [ app_init ] --START--
INFO: Run Behavior\BuildLiteBehavior [ RunTime:0.000019s ]
INFO: [ app_init ] --END-- [ RunTime:0.000730s ]

[ 2016-05-02T17:54:40+08:00 ] 127.0.0.1 /mouth5/zhoukaosan/index.php/Home/Index/index.html
INFO: [ app_init ] --START--
INFO: Run Behavior\BuildLiteBehavior [ RunTime:0.000019s ]
INFO: [ app_init ] --END-- [ RunTime:0.001074s ]

[ 2016-05-02T17:54:41+08:00 ] 127.0.0.1 /mouth5/zhoukaosan/index.php/Home/Index/index.html
INFO: [ app_init ] --START--
INFO: Run Behavior\BuildLiteBehavior [ RunTime:0.000015s ]
INFO: [ app_init ] --END-- [ RunTime:0.000372s ]

[ 2016-05-02T19:57:06+08:00 ] 127.0.0.1 /mouth5/zhoukaosan/index.php
INFO: [ app_init ] --START--
INFO: Run Behavior\BuildLiteBehavior [ RunTime:0.000018s ]
INFO: [ app_init ] --END-- [ RunTime:0.000775s ]

[ 2016-05-02T19:57:06+08:00 ] 127.0.0.1 /mouth5/zhoukaosan/index.php/Home/Login/login.html
INFO: [ app_init ] --START--
INFO: Run Behavior\BuildLiteBehavior [ RunTime:0.000015s ]
INFO: [ app_init ] --END-- [ RunTime:0.000393s ]

[ 2016-05-02T19:57:30+08:00 ] 127.0.0.1 /mouth5/zhoukaosan/index.php/Home/Login/login_check.html
INFO: [ app_init ] --START--
INFO: Run Behavior\BuildLiteBehavior [ RunTime:0.000024s ]
INFO: [ app_init ] --END-- [ RunTime:0.000436s ]

[ 2016-05-02T19:57:30+08:00 ] 127.0.0.1 /mouth5/zhoukaosan/index.php/Home/Index/index.html
INFO: [ app_init ] --START--
INFO: Run Behavior\BuildLiteBehavior [ RunTime:0.000015s ]
INFO: [ app_init ] --END-- [ RunTime:0.000375s ]

[ 2016-05-02T20:02:02+08:00 ] 127.0.0.1 /mouth5/zhoukaosan/index.php/Home/Index/index.html
INFO: [ app_init ] --START--
INFO: Run Behavior\BuildLiteBehavior [ RunTime:0.000014s ]
INFO: [ app_init ] --END-- [ RunTime:0.000504s ]

[ 2016-05-02T20:02:04+08:00 ] 127.0.0.1 /mouth5/zhoukaosan/index.php/Home/Index/index.html
INFO: [ app_init ] --START--
INFO: Run Behavior\BuildLiteBehavior [ RunTime:0.000020s ]
INFO: [ app_init ] --END-- [ RunTime:0.000508s ]

[ 2016-05-02T20:02:04+08:00 ] 127.0.0.1 /mouth5/zhoukaosan/index.php/Home/Index/index.html
INFO: [ app_init ] --START--
INFO: Run Behavior\BuildLiteBehavior [ RunTime:0.000014s ]
INFO: [ app_init ] --END-- [ RunTime:0.000616s ]

[ 2016-05-02T20:02:05+08:00 ] 127.0.0.1 /mouth5/zhoukaosan/index.php/Home/Index/index.html
INFO: [ app_init ] --START--
INFO: Run Behavior\BuildLiteBehavior [ RunTime:0.000014s ]
INFO: [ app_init ] --END-- [ RunTime:0.000592s ]

[ 2016-05-02T20:02:06+08:00 ] 127.0.0.1 /mouth5/zhoukaosan/index.php/Home/Index/index.html
INFO: [ app_init ] --START--
INFO: Run Behavior\BuildLiteBehavior [ RunTime:0.000027s ]
INFO: [ app_init ] --END-- [ RunTime:0.000856s ]

[ 2016-05-02T20:02:06+08:00 ] 127.0.0.1 /mouth5/zhoukaosan/index.php/Home/Index/index.html
INFO: [ app_init ] --START--
INFO: Run Behavior\BuildLiteBehavior [ RunTime:0.000013s ]
INFO: [ app_init ] --END-- [ RunTime:0.000533s ]

[ 2016-05-02T20:03:58+08:00 ] 127.0.0.1 /mouth5/zhoukaosan/index.php/Home/Index/index.html
INFO: [ app_init ] --START--
INFO: Run Behavior\BuildLiteBehavior [ RunTime:0.000021s ]
INFO: [ app_init ] --END-- [ RunTime:0.000932s ]
ERR: XML标签语法错误 : name="res" id=val

[ 2016-05-02T20:03:59+08:00 ] 127.0.0.1 /mouth5/zhoukaosan/index.php/Home/Index/index.html
INFO: [ app_init ] --START--
INFO: Run Behavior\BuildLiteBehavior [ RunTime:0.000015s ]
INFO: [ app_init ] --END-- [ RunTime:0.000374s ]
ERR: XML标签语法错误 : name="res" id=val

[ 2016-05-02T20:04:00+08:00 ] 127.0.0.1 /mouth5/zhoukaosan/index.php/Home/Index/index.html
INFO: [ app_init ] --START--
INFO: Run Behavior\BuildLiteBehavior [ RunTime:0.000014s ]
INFO: [ app_init ] --END-- [ RunTime:0.000486s ]
ERR: XML标签语法错误 : name="res" id=val

[ 2016-05-02T20:04:01+08:00 ] 127.0.0.1 /mouth5/zhoukaosan/index.php/Home/Index/index.html
INFO: [ app_init ] --START--
INFO: Run Behavior\BuildLiteBehavior [ RunTime:0.000015s ]
INFO: [ app_init ] --END-- [ RunTime:0.000539s ]
ERR: XML标签语法错误 : name="res" id=val

[ 2016-05-02T20:04:19+08:00 ] 127.0.0.1 /mouth5/zhoukaosan/index.php/Home/Index/index.html
INFO: [ app_init ] --START--
INFO: Run Behavior\BuildLiteBehavior [ RunTime:0.000013s ]
INFO: [ app_init ] --END-- [ RunTime:0.000342s ]

[ 2016-05-02T20:04:20+08:00 ] 127.0.0.1 /mouth5/zhoukaosan/index.php/Home/Index/index.html
INFO: [ app_init ] --START--
INFO: Run Behavior\BuildLiteBehavior [ RunTime:0.000039s ]
INFO: [ app_init ] --END-- [ RunTime:0.000992s ]

[ 2016-05-02T20:04:21+08:00 ] 127.0.0.1 /mouth5/zhoukaosan/index.php/Home/Index/index.html
INFO: [ app_init ] --START--
INFO: Run Behavior\BuildLiteBehavior [ RunTime:0.000071s ]
INFO: [ app_init ] --END-- [ RunTime:0.000764s ]

[ 2016-05-02T20:04:22+08:00 ] 127.0.0.1 /mouth5/zhoukaosan/index.php/Home/Index/index.html
INFO: [ app_init ] --START--
INFO: Run Behavior\BuildLiteBehavior [ RunTime:0.000014s ]
INFO: [ app_init ] --END-- [ RunTime:0.000382s ]

[ 2016-05-02T20:04:22+08:00 ] 127.0.0.1 /mouth5/zhoukaosan/index.php/Home/Index/index.html
INFO: [ app_init ] --START--
INFO: Run Behavior\BuildLiteBehavior [ RunTime:0.000014s ]
INFO: [ app_init ] --END-- [ RunTime:0.000375s ]

[ 2016-05-02T20:04:23+08:00 ] 127.0.0.1 /mouth5/zhoukaosan/index.php/Home/Index/index.html
INFO: [ app_init ] --START--
INFO: Run Behavior\BuildLiteBehavior [ RunTime:0.000056s ]
INFO: [ app_init ] --END-- [ RunTime:0.001664s ]

[ 2016-05-02T20:04:24+08:00 ] 127.0.0.1 /mouth5/zhoukaosan/index.php/Home/Index/index.html
INFO: [ app_init ] --START--
INFO: Run Behavior\BuildLiteBehavior [ RunTime:0.000019s ]
INFO: [ app_init ] --END-- [ RunTime:0.000807s ]

[ 2016-05-02T20:04:25+08:00 ] 127.0.0.1 /mouth5/zhoukaosan/index.php/Home/Index/index.html
INFO: [ app_init ] --START--
INFO: Run Behavior\BuildLiteBehavior [ RunTime:0.000024s ]
INFO: [ app_init ] --END-- [ RunTime:0.000546s ]

[ 2016-05-02T20:04:25+08:00 ] 127.0.0.1 /mouth5/zhoukaosan/index.php/Home/Index/index.html
INFO: [ app_init ] --START--
INFO: Run Behavior\BuildLiteBehavior [ RunTime:0.000013s ]
INFO: [ app_init ] --END-- [ RunTime:0.000356s ]

[ 2016-05-02T20:04:26+08:00 ] 127.0.0.1 /mouth5/zhoukaosan/index.php/Home/Index/index.html
INFO: [ app_init ] --START--
INFO: Run Behavior\BuildLiteBehavior [ RunTime:0.000021s ]
INFO: [ app_init ] --END-- [ RunTime:0.000616s ]

[ 2016-05-02T20:04:26+08:00 ] 127.0.0.1 /mouth5/zhoukaosan/index.php/Home/Index/index.html
INFO: [ app_init ] --START--
INFO: Run Behavior\BuildLiteBehavior [ RunTime:0.000013s ]
INFO: [ app_init ] --END-- [ RunTime:0.000407s ]

[ 2016-05-02T20:04:27+08:00 ] 127.0.0.1 /mouth5/zhoukaosan/index.php/Home/Index/index.html
INFO: [ app_init ] --START--
INFO: Run Behavior\BuildLiteBehavior [ RunTime:0.000014s ]
INFO: [ app_init ] --END-- [ RunTime:0.000376s ]

[ 2016-05-02T20:04:28+08:00 ] 127.0.0.1 /mouth5/zhoukaosan/index.php/Home/Index/index.html
INFO: [ app_init ] --START--
INFO: Run Behavior\BuildLiteBehavior [ RunTime:0.000017s ]
INFO: [ app_init ] --END-- [ RunTime:0.000662s ]

[ 2016-05-02T20:04:29+08:00 ] 127.0.0.1 /mouth5/zhoukaosan/index.php/Home/Index/index.html
INFO: [ app_init ] --START--
INFO: Run Behavior\BuildLiteBehavior [ RunTime:0.000023s ]
INFO: [ app_init ] --END-- [ RunTime:0.000804s ]

[ 2016-05-02T20:04:29+08:00 ] 127.0.0.1 /mouth5/zhoukaosan/index.php/Home/Index/index.html
INFO: [ app_init ] --START--
INFO: Run Behavior\BuildLiteBehavior [ RunTime:0.000014s ]
INFO: [ app_init ] --END-- [ RunTime:0.000410s ]

[ 2016-05-02T20:04:30+08:00 ] 127.0.0.1 /mouth5/zhoukaosan/index.php/Home/Index/index.html
INFO: [ app_init ] --START--
INFO: Run Behavior\BuildLiteBehavior [ RunTime:0.000015s ]
INFO: [ app_init ] --END-- [ RunTime:0.000568s ]

[ 2016-05-02T20:04:31+08:00 ] 127.0.0.1 /mouth5/zhoukaosan/index.php/Home/Index/index.html
INFO: [ app_init ] --START--
INFO: Run Behavior\BuildLiteBehavior [ RunTime:0.000023s ]
INFO: [ app_init ] --END-- [ RunTime:0.000606s ]

[ 2016-05-02T20:04:31+08:00 ] 127.0.0.1 /mouth5/zhoukaosan/index.php/Home/Index/index.html
INFO: [ app_init ] --START--
INFO: Run Behavior\BuildLiteBehavior [ RunTime:0.000015s ]
INFO: [ app_init ] --END-- [ RunTime:0.000390s ]

[ 2016-05-02T20:04:32+08:00 ] 127.0.0.1 /mouth5/zhoukaosan/index.php/Home/Index/index.html
INFO: [ app_init ] --START--
INFO: Run Behavior\BuildLiteBehavior [ RunTime:0.000015s ]
INFO: [ app_init ] --END-- [ RunTime:0.000430s ]

[ 2016-05-02T20:04:32+08:00 ] 127.0.0.1 /mouth5/zhoukaosan/index.php/Home/Index/index.html
INFO: [ app_init ] --START--
INFO: Run Behavior\BuildLiteBehavior [ RunTime:0.000013s ]
INFO: [ app_init ] --END-- [ RunTime:0.000375s ]

[ 2016-05-02T20:06:15+08:00 ] 127.0.0.1 /mouth5/zhoukaosan/index.php/Home/Index/fenpei.html
INFO: [ app_init ] --START--
INFO: Run Behavior\BuildLiteBehavior [ RunTime:0.000016s ]
INFO: [ app_init ] --END-- [ RunTime:0.000617s ]

[ 2016-05-02T20:08:17+08:00 ] 127.0.0.1 /mouth5/zhoukaosan/index.php/Home/Index/fenpei
INFO: [ app_init ] --START--
INFO: Run Behavior\BuildLiteBehavior [ RunTime:0.000014s ]
INFO: [ app_init ] --END-- [ RunTime:0.000390s ]
INFO: [ app_begin ] --START--
INFO: Run Behavior\ReadHtmlCacheBehavior [ RunTime:0.001263s ]
INFO: [ app_begin ] --END-- [ RunTime:0.001490s ]
SQL: SHOW COLUMNS FROM `role` [ RunTime:0.0045s ]
SQL: SELECT * FROM `role` WHERE `r_role` = '' LIMIT 1   [ RunTime:0.0008s ]
SQL: INSERT INTO `role` (`r_role`) VALUES ('') [ RunTime:0.0556s ]
SQL: SELECT * FROM `role` WHERE `r_role` = '' LIMIT 1   [ RunTime:0.0003s ]
INFO: [ app_end ] --START--
INFO: Run Behavior\ShowPageTraceBehavior [ RunTime:0.001015s ]
INFO: [ app_end ] --END-- [ RunTime:0.001112s ]

[ 2016-05-02T20:08:25+08:00 ] 127.0.0.1 /mouth5/zhoukaosan/index.php/Home/Index/fenpei.html
INFO: [ app_init ] --START--
INFO: Run Behavior\BuildLiteBehavior [ RunTime:0.000014s ]
INFO: [ app_init ] --END-- [ RunTime:0.000655s ]

[ 2016-05-02T20:08:33+08:00 ] 127.0.0.1 /mouth5/zhoukaosan/index.php/Home/Index/fenpei.html
INFO: [ app_init ] --START--
INFO: Run Behavior\BuildLiteBehavior [ RunTime:0.000015s ]
INFO: [ app_init ] --END-- [ RunTime:0.000414s ]

[ 2016-05-02T20:08:37+08:00 ] 127.0.0.1 /mouth5/zhoukaosan/index.php/Home/Index/fenpei.html
INFO: [ app_init ] --START--
INFO: Run Behavior\BuildLiteBehavior [ RunTime:0.000020s ]
INFO: [ app_init ] --END-- [ RunTime:0.000697s ]

[ 2016-05-02T20:10:05+08:00 ] 127.0.0.1 /mouth5/zhoukaosan/index.php/Home/Index/fenpei.html
INFO: [ app_init ] --START--
INFO: Run Behavior\BuildLiteBehavior [ RunTime:0.000022s ]
INFO: [ app_init ] --END-- [ RunTime:0.000557s ]

[ 2016-05-02T20:10:05+08:00 ] 127.0.0.1 /mouth5/zhoukaosan/index.php/Home/Index/fenpei.html
INFO: [ app_init ] --START--
INFO: Run Behavior\BuildLiteBehavior [ RunTime:0.000015s ]
INFO: [ app_init ] --END-- [ RunTime:0.000416s ]

[ 2016-05-02T20:10:45+08:00 ] 127.0.0.1 /mouth5/zhoukaosan/index.php/Home/Index/fenpei.html
INFO: [ app_init ] --START--
INFO: Run Behavior\BuildLiteBehavior [ RunTime:0.000032s ]
INFO: [ app_init ] --END-- [ RunTime:0.000820s ]

[ 2016-05-02T20:10:45+08:00 ] 127.0.0.1 /mouth5/zhoukaosan/index.php/Home/Index/fenpei.html
INFO: [ app_init ] --START--
INFO: Run Behavior\BuildLiteBehavior [ RunTime:0.000014s ]
INFO: [ app_init ] --END-- [ RunTime:0.000677s ]

[ 2016-05-02T20:10:46+08:00 ] 127.0.0.1 /mouth5/zhoukaosan/index.php/Home/Index/fenpei.html
INFO: [ app_init ] --START--
INFO: Run Behavior\BuildLiteBehavior [ RunTime:0.000016s ]
INFO: [ app_init ] --END-- [ RunTime:0.000463s ]

[ 2016-05-02T20:10:46+08:00 ] 127.0.0.1 /mouth5/zhoukaosan/index.php/Home/Index/fenpei.html
INFO: [ app_init ] --START--
INFO: Run Behavior\BuildLiteBehavior [ RunTime:0.000015s ]
INFO: [ app_init ] --END-- [ RunTime:0.000476s ]

[ 2016-05-02T20:10:54+08:00 ] 127.0.0.1 /mouth5/zhoukaosan/index.php/Home/Index/fenpei.html
INFO: [ app_init ] --START--
INFO: Run Behavior\BuildLiteBehavior [ RunTime:0.000014s ]
INFO: [ app_init ] --END-- [ RunTime:0.000382s ]

[ 2016-05-02T20:11:22+08:00 ] 127.0.0.1 /mouth5/zhoukaosan/index.php/Home/Index/fenpei.html
INFO: [ app_init ] --START--
INFO: Run Behavior\BuildLiteBehavior [ RunTime:0.000014s ]
INFO: [ app_init ] --END-- [ RunTime:0.000334s ]

[ 2016-05-02T20:11:24+08:00 ] 127.0.0.1 /mouth5/zhoukaosan/index.php/Home/Index/fenpei.html
INFO: [ app_init ] --START--
INFO: Run Behavior\BuildLiteBehavior [ RunTime:0.000022s ]
INFO: [ app_init ] --END-- [ RunTime:0.000496s ]

[ 2016-05-02T20:16:41+08:00 ] 127.0.0.1 /mouth5/zhoukaosan/index.php/Home/Index/fenpei
INFO: [ app_init ] --START--
INFO: Run Behavior\BuildLiteBehavior [ RunTime:0.000014s ]
INFO: [ app_init ] --END-- [ RunTime:0.000442s ]
INFO: [ app_begin ] --START--
INFO: Run Behavior\ReadHtmlCacheBehavior [ RunTime:0.000530s ]
INFO: [ app_begin ] --END-- [ RunTime:0.000586s ]
SQL: SHOW COLUMNS FROM `role` [ RunTime:0.0042s ]
SQL: SELECT * FROM `role` WHERE `r_role` = '院长' LIMIT 1   [ RunTime:0.0007s ]
INFO: [ app_end ] --START--
INFO: Run Behavior\ShowPageTraceBehavior [ RunTime:0.000668s ]
INFO: [ app_end ] --END-- [ RunTime:0.000727s ]

[ 2016-05-02T20:16:46+08:00 ] 127.0.0.1 /mouth5/zhoukaosan/index.php/Home/Index/fenpei.html
INFO: [ app_init ] --START--
INFO: Run Behavior\BuildLiteBehavior [ RunTime:0.000014s ]
INFO: [ app_init ] --END-- [ RunTime:0.000579s ]

[ 2016-05-02T20:16:56+08:00 ] 127.0.0.1 /mouth5/zhoukaosan/index.php/Home/Index/fenpei
INFO: [ app_init ] --START--
INFO: Run Behavior\BuildLiteBehavior [ RunTime:0.000013s ]
INFO: [ app_init ] --END-- [ RunTime:0.000309s ]
INFO: [ app_begin ] --START--
INFO: Run Behavior\ReadHtmlCacheBehavior [ RunTime:0.000439s ]
INFO: [ app_begin ] --END-- [ RunTime:0.000490s ]
SQL: SHOW COLUMNS FROM `role` [ RunTime:0.0039s ]
SQL: SELECT * FROM `role` WHERE `r_role` = '班长' LIMIT 1   [ RunTime:0.0007s ]
SQL: INSERT INTO `role` (`r_role`) VALUES ('班长') [ RunTime:0.0480s ]
SQL: SELECT * FROM `role` WHERE `r_role` = '班长' LIMIT 1   [ RunTime:0.0004s ]
INFO: [ app_end ] --START--
INFO: Run Behavior\ShowPageTraceBehavior [ RunTime:0.000593s ]
INFO: [ app_end ] --END-- [ RunTime:0.000660s ]

[ 2016-05-02T20:16:59+08:00 ] 127.0.0.1 /mouth5/zhoukaosan/index.php/Home/Index/fenpei.html
INFO: [ app_init ] --START--
INFO: Run Behavior\BuildLiteBehavior [ RunTime:0.000029s ]
INFO: [ app_init ] --END-- [ RunTime:0.000570s ]

[ 2016-05-02T20:17:36+08:00 ] 127.0.0.1 /mouth5/zhoukaosan/index.php/Home/Index/fenpei.html
INFO: [ app_init ] --START--
INFO: Run Behavior\BuildLiteBehavior [ RunTime:0.000022s ]
INFO: [ app_init ] --END-- [ RunTime:0.000519s ]

[ 2016-05-02T20:17:48+08:00 ] 127.0.0.1 /mouth5/zhoukaosan/index.php/Home/Index/fenpei
INFO: [ app_init ] --START--
INFO: Run Behavior\BuildLiteBehavior [ RunTime:0.000015s ]
INFO: [ app_init ] --END-- [ RunTime:0.000405s ]
INFO: [ app_begin ] --START--
INFO: Run Behavior\ReadHtmlCacheBehavior [ RunTime:0.000440s ]
INFO: [ app_begin ] --END-- [ RunTime:0.000494s ]
SQL: SHOW COLUMNS FROM `role` [ RunTime:0.0043s ]
SQL: SELECT * FROM `role` WHERE `r_role` = '组长' LIMIT 1   [ RunTime:0.0006s ]
SQL: INSERT INTO `role` (`r_role`) VALUES ('组长') [ RunTime:0.0531s ]
INFO: [ view_parse ] --START--
INFO: [ template_filter ] --START--
INFO: Run Behavior\ContentReplaceBehavior [ RunTime:0.000055s ]
INFO: [ template_filter ] --END-- [ RunTime:0.000188s ]
NOTIC: [8] Undefined variable: arr D:\web\apache\htdocs\mouth5\zhoukaosan\Application\Runtime\Cache\Home\3290a8d8e60ca1c0546f3eba011f1ce6.php 第 15 行.
INFO: Run Behavior\ParseTemplateBehavior [ RunTime:0.006965s ]
INFO: [ view_parse ] --END-- [ RunTime:0.007016s ]
INFO: [ view_filter ] --START--
INFO: Run Behavior\WriteHtmlCacheBehavior [ RunTime:0.000210s ]
INFO: [ view_filter ] --END-- [ RunTime:0.000249s ]
INFO: [ app_end ] --START--
INFO: Run Behavior\ShowPageTraceBehavior [ RunTime:0.000690s ]
INFO: [ app_end ] --END-- [ RunTime:0.000737s ]

[ 2016-05-02T20:17:49+08:00 ] 127.0.0.1 /mouth5/zhoukaosan/index.php/Home/Index/fenpei
INFO: [ app_init ] --START--
INFO: Run Behavior\BuildLiteBehavior [ RunTime:0.000013s ]
INFO: [ app_init ] --END-- [ RunTime:0.000317s ]
INFO: [ app_begin ] --START--
INFO: Run Behavior\ReadHtmlCacheBehavior [ RunTime:0.000427s ]
INFO: [ app_begin ] --END-- [ RunTime:0.000480s ]
SQL: SHOW COLUMNS FROM `role` [ RunTime:0.0045s ]
SQL: SELECT * FROM `role` WHERE `r_role` = '组长' LIMIT 1   [ RunTime:0.0008s ]
INFO: [ app_end ] --START--
INFO: Run Behavior\ShowPageTraceBehavior [ RunTime:0.000623s ]
INFO: [ app_end ] --END-- [ RunTime:0.000692s ]

[ 2016-05-02T20:17:52+08:00 ] 127.0.0.1 /mouth5/zhoukaosan/index.php/Home/Index/fenpei.html
INFO: [ app_init ] --START--
INFO: Run Behavior\BuildLiteBehavior [ RunTime:0.000021s ]
INFO: [ app_init ] --END-- [ RunTime:0.000723s ]

[ 2016-05-02T20:17:53+08:00 ] 127.0.0.1 /mouth5/zhoukaosan/index.php/Home/Index/fenpei.html
INFO: [ app_init ] --START--
INFO: Run Behavior\BuildLiteBehavior [ RunTime:0.000025s ]
INFO: [ app_init ] --END-- [ RunTime:0.000764s ]

[ 2016-05-02T20:18:27+08:00 ] 127.0.0.1 /mouth5/zhoukaosan/index.php/Home/Index/fenpei.html
INFO: [ app_init ] --START--
INFO: Run Behavior\BuildLiteBehavior [ RunTime:0.000017s ]
INFO: [ app_init ] --END-- [ RunTime:0.000613s ]

[ 2016-05-02T20:18:28+08:00 ] 127.0.0.1 /mouth5/zhoukaosan/index.php/Home/Index/fenpei.html
INFO: [ app_init ] --START--
INFO: Run Behavior\BuildLiteBehavior [ RunTime:0.000014s ]
INFO: [ app_init ] --END-- [ RunTime:0.000634s ]

[ 2016-05-02T20:18:28+08:00 ] 127.0.0.1 /mouth5/zhoukaosan/index.php/Home/Index/fenpei.html
INFO: [ app_init ] --START--
INFO: Run Behavior\BuildLiteBehavior [ RunTime:0.000016s ]
INFO: [ app_init ] --END-- [ RunTime:0.000475s ]

[ 2016-05-02T20:18:34+08:00 ] 127.0.0.1 /mouth5/zhoukaosan/index.php/Home/Index/fenpei
INFO: [ app_init ] --START--
INFO: Run Behavior\BuildLiteBehavior [ RunTime:0.000014s ]
INFO: [ app_init ] --END-- [ RunTime:0.000349s ]
INFO: [ app_begin ] --START--
INFO: Run Behavior\ReadHtmlCacheBehavior [ RunTime:0.000754s ]
INFO: [ app_begin ] --END-- [ RunTime:0.000809s ]
SQL: SHOW COLUMNS FROM `role` [ RunTime:0.0042s ]
SQL: SELECT * FROM `role` WHERE `r_role` = '组员' LIMIT 1   [ RunTime:0.0007s ]
SQL: INSERT INTO `role` (`r_role`) VALUES ('组员') [ RunTime:0.0544s ]

[ 2016-05-02T20:18:34+08:00 ] 127.0.0.1 /mouth5/zhoukaosan/index.php/Home/Index/fenpei.html
INFO: [ app_init ] --START--
INFO: Run Behavior\BuildLiteBehavior [ RunTime:0.000018s ]
INFO: [ app_init ] --END-- [ RunTime:0.000451s ]
INFO: [ app_begin ] --START--
INFO: Run Behavior\ReadHtmlCacheBehavior [ RunTime:0.000628s ]
INFO: [ app_begin ] --END-- [ RunTime:0.000693s ]
SQL: SHOW COLUMNS FROM `role` [ RunTime:0.0042s ]
SQL: SELECT * FROM `role`  [ RunTime:0.0008s ]
INFO: [ view_parse ] --START--
INFO: [ template_filter ] --START--
INFO: Run Behavior\ContentReplaceBehavior [ RunTime:0.000053s ]
INFO: [ template_filter ] --END-- [ RunTime:0.000129s ]
INFO: Run Behavior\ParseTemplateBehavior [ RunTime:0.007341s ]
INFO: [ view_parse ] --END-- [ RunTime:0.007408s ]
INFO: [ view_filter ] --START--
INFO: Run Behavior\WriteHtmlCacheBehavior [ RunTime:0.000423s ]
INFO: [ view_filter ] --END-- [ RunTime:0.000485s ]
INFO: [ app_end ] --START--
INFO: Run Behavior\ShowPageTraceBehavior [ RunTime:0.000902s ]
INFO: [ app_end ] --END-- [ RunTime:0.000990s ]

[ 2016-05-02T20:18:35+08:00 ] 127.0.0.1 /mouth5/zhoukaosan/index.php/Home/Index/fenpei
INFO: [ app_init ] --START--
INFO: Run Behavior\BuildLiteBehavior [ RunTime:0.000023s ]
INFO: [ app_init ] --END-- [ RunTime:0.000606s ]
INFO: [ app_begin ] --START--
INFO: Run Behavior\ReadHtmlCacheBehavior [ RunTime:0.000942s ]
INFO: [ app_begin ] --END-- [ RunTime:0.001031s ]
SQL: SHOW COLUMNS FROM `role` [ RunTime:0.0056s ]
SQL: SELECT * FROM `role` WHERE `r_role` = '组员' LIMIT 1   [ RunTime:0.0009s ]
INFO: [ app_end ] --START--
INFO: Run Behavior\ShowPageTraceBehavior [ RunTime:0.000779s ]
INFO: [ app_end ] --END-- [ RunTime:0.001026s ]

[ 2016-05-02T20:18:38+08:00 ] 127.0.0.1 /mouth5/zhoukaosan/index.php/Home/Index/fenpei.html
INFO: [ app_init ] --START--
INFO: Run Behavior\BuildLiteBehavior [ RunTime:0.000014s ]
INFO: [ app_init ] --END-- [ RunTime:0.000410s ]

[ 2016-05-02T20:19:08+08:00 ] 127.0.0.1 /mouth5/zhoukaosan/index.php/Home/Index/fenpei.html
INFO: [ app_init ] --START--
INFO: Run Behavior\BuildLiteBehavior [ RunTime:0.000016s ]
INFO: [ app_init ] --END-- [ RunTime:0.000351s ]

[ 2016-05-02T20:19:08+08:00 ] 127.0.0.1 /mouth5/zhoukaosan/index.php/Home/Index/fenpei.html
INFO: [ app_init ] --START--
INFO: Run Behavior\BuildLiteBehavior [ RunTime:0.000023s ]
INFO: [ app_init ] --END-- [ RunTime:0.000627s ]

[ 2016-05-02T20:19:09+08:00 ] 127.0.0.1 /mouth5/zhoukaosan/index.php/Home/Index/fenpei.html
INFO: [ app_init ] --START--
INFO: Run Behavior\BuildLiteBehavior [ RunTime:0.000015s ]
INFO: [ app_init ] --END-- [ RunTime:0.000461s ]

[ 2016-05-02T20:19:22+08:00 ] 127.0.0.1 /mouth5/zhoukaosan/index.php/Home/Index/fenpei
INFO: [ app_init ] --START--
INFO: Run Behavior\BuildLiteBehavior [ RunTime:0.000018s ]
INFO: [ app_init ] --END-- [ RunTime:0.000471s ]
INFO: [ app_begin ] --START--
INFO: Run Behavior\ReadHtmlCacheBehavior [ RunTime:0.000733s ]
INFO: [ app_begin ] --END-- [ RunTime:0.000799s ]
SQL: SHOW COLUMNS FROM `role` [ RunTime:0.0050s ]
SQL: SELECT * FROM `role` WHERE `r_role` = '小组长' LIMIT 1   [ RunTime:0.0008s ]
SQL: INSERT INTO `role` (`r_role`) VALUES ('小组长') [ RunTime:0.0479s ]

[ 2016-05-02T20:19:22+08:00 ] 127.0.0.1 /mouth5/zhoukaosan/index.php/Home/Index/fenpei.html
INFO: [ app_init ] --START--
INFO: Run Behavior\BuildLiteBehavior [ RunTime:0.000013s ]
INFO: [ app_init ] --END-- [ RunTime:0.000386s ]
INFO: [ app_begin ] --START--
INFO: Run Behavior\ReadHtmlCacheBehavior [ RunTime:0.000532s ]
INFO: [ app_begin ] --END-- [ RunTime:0.000586s ]
SQL: SHOW COLUMNS FROM `role` [ RunTime:0.0046s ]
SQL: SELECT * FROM `role`  [ RunTime:0.0012s ]
INFO: [ view_parse ] --START--
INFO: [ template_filter ] --START--
INFO: Run Behavior\ContentReplaceBehavior [ RunTime:0.000054s ]
INFO: [ template_filter ] --END-- [ RunTime:0.000137s ]
INFO: Run Behavior\ParseTemplateBehavior [ RunTime:0.007717s ]
INFO: [ view_parse ] --END-- [ RunTime:0.007787s ]
INFO: [ view_filter ] --START--
INFO: Run Behavior\WriteHtmlCacheBehavior [ RunTime:0.000389s ]
INFO: [ view_filter ] --END-- [ RunTime:0.000433s ]
INFO: [ app_end ] --START--
INFO: Run Behavior\ShowPageTraceBehavior [ RunTime:0.000612s ]
INFO: [ app_end ] --END-- [ RunTime:0.000663s ]

[ 2016-05-02T20:19:23+08:00 ] 127.0.0.1 /mouth5/zhoukaosan/index.php/Home/Index/fenpei
INFO: [ app_init ] --START--
INFO: Run Behavior\BuildLiteBehavior [ RunTime:0.000017s ]
INFO: [ app_init ] --END-- [ RunTime:0.000398s ]
INFO: [ app_begin ] --START--
INFO: Run Behavior\ReadHtmlCacheBehavior [ RunTime:0.001020s ]
INFO: [ app_begin ] --END-- [ RunTime:0.001159s ]
SQL: SHOW COLUMNS FROM `role` [ RunTime:0.0044s ]
SQL: SELECT * FROM `role` WHERE `r_role` = '小组长' LIMIT 1   [ RunTime:0.0010s ]
INFO: [ app_end ] --START--
INFO: Run Behavior\ShowPageTraceBehavior [ RunTime:0.000801s ]
INFO: [ app_end ] --END-- [ RunTime:0.000872s ]

[ 2016-05-02T20:19:26+08:00 ] 127.0.0.1 /mouth5/zhoukaosan/index.php/Home/Index/fenpei.html
INFO: [ app_init ] --START--
INFO: Run Behavior\BuildLiteBehavior [ RunTime:0.000031s ]
INFO: [ app_init ] --END-- [ RunTime:0.000416s ]

[ 2016-05-02T20:21:14+08:00 ] 127.0.0.1 /mouth5/zhoukaosan/index.php/Home/Index/fenpei.html
INFO: [ app_init ] --START--
INFO: Run Behavior\BuildLiteBehavior [ RunTime:0.000014s ]
INFO: [ app_init ] --END-- [ RunTime:0.000648s ]

[ 2016-05-02T20:22:24+08:00 ] 127.0.0.1 /mouth5/zhoukaosan/index.php/Home/Index/fenpei.html
INFO: [ app_init ] --START--
INFO: Run Behavior\BuildLiteBehavior [ RunTime:0.000025s ]
INFO: [ app_init ] --END-- [ RunTime:0.000561s ]

[ 2016-05-02T20:22:25+08:00 ] 127.0.0.1 /mouth5/zhoukaosan/index.php/Home/Index/fenpei.html
INFO: [ app_init ] --START--
INFO: Run Behavior\BuildLiteBehavior [ RunTime:0.000013s ]
INFO: [ app_init ] --END-- [ RunTime:0.000603s ]

[ 2016-05-02T20:22:25+08:00 ] 127.0.0.1 /mouth5/zhoukaosan/index.php/Home/Index/fenpei.html
INFO: [ app_init ] --START--
INFO: Run Behavior\BuildLiteBehavior [ RunTime:0.000015s ]
INFO: [ app_init ] --END-- [ RunTime:0.000706s ]

[ 2016-05-02T20:22:35+08:00 ] 127.0.0.1 /mouth5/zhoukaosan/index.php/Home/Index/fenpei
INFO: [ app_init ] --START--
INFO: Run Behavior\BuildLiteBehavior [ RunTime:0.000014s ]
INFO: [ app_init ] --END-- [ RunTime:0.000339s ]
INFO: [ app_begin ] --START--
INFO: Run Behavior\ReadHtmlCacheBehavior [ RunTime:0.000613s ]
INFO: [ app_begin ] --END-- [ RunTime:0.000680s ]
SQL: SHOW COLUMNS FROM `role` [ RunTime:0.0049s ]
SQL: SELECT * FROM `role` WHERE `r_role` = '小组员' LIMIT 1   [ RunTime:0.0008s ]
SQL: INSERT INTO `role` (`r_role`) VALUES ('小组员') [ RunTime:0.0493s ]

[ 2016-05-02T20:22:35+08:00 ] 127.0.0.1 /mouth5/zhoukaosan/index.php/Home/Index/fenpei.html
INFO: [ app_init ] --START--
INFO: Run Behavior\BuildLiteBehavior [ RunTime:0.000013s ]
INFO: [ app_init ] --END-- [ RunTime:0.000356s ]
INFO: [ app_begin ] --START--
INFO: Run Behavior\ReadHtmlCacheBehavior [ RunTime:0.000487s ]
INFO: [ app_begin ] --END-- [ RunTime:0.000540s ]
SQL: SHOW COLUMNS FROM `role` [ RunTime:0.0058s ]
SQL: SELECT * FROM `role`  [ RunTime:0.0011s ]
INFO: [ view_parse ] --START--
INFO: [ template_filter ] --START--
INFO: Run Behavior\ContentReplaceBehavior [ RunTime:0.000053s ]
INFO: [ template_filter ] --END-- [ RunTime:0.000119s ]
INFO: Run Behavior\ParseTemplateBehavior [ RunTime:0.006590s ]
INFO: [ view_parse ] --END-- [ RunTime:0.006700s ]
INFO: [ view_filter ] --START--
INFO: Run Behavior\WriteHtmlCacheBehavior [ RunTime:0.000403s ]
INFO: [ view_filter ] --END-- [ RunTime:0.000445s ]
INFO: [ app_end ] --START--
INFO: Run Behavior\ShowPageTraceBehavior [ RunTime:0.000690s ]
INFO: [ app_end ] --END-- [ RunTime:0.000737s ]

[ 2016-05-02T20:22:35+08:00 ] 127.0.0.1 /mouth5/zhoukaosan/index.php/Home/Index/fenpei
INFO: [ app_init ] --START--
INFO: Run Behavior\BuildLiteBehavior [ RunTime:0.000014s ]
INFO: [ app_init ] --END-- [ RunTime:0.000345s ]

[ 2016-05-02T20:23:32+08:00 ] 127.0.0.1 /mouth5/zhoukaosan/index.php/Home/Index/fenpei
INFO: [ app_init ] --START--
INFO: Run Behavior\BuildLiteBehavior [ RunTime:0.000013s ]
INFO: [ app_init ] --END-- [ RunTime:0.000589s ]

[ 2016-05-02T20:23:48+08:00 ] 127.0.0.1 /mouth5/zhoukaosan/index.php/Home/Index/fenpei
INFO: [ app_init ] --START--
INFO: Run Behavior\BuildLiteBehavior [ RunTime:0.000014s ]
INFO: [ app_init ] --END-- [ RunTime:0.000532s ]
INFO: [ app_begin ] --START--
INFO: Run Behavior\ReadHtmlCacheBehavior [ RunTime:0.000524s ]
INFO: [ app_begin ] --END-- [ RunTime:0.000576s ]
SQL: SHOW COLUMNS FROM `role` [ RunTime:0.0048s ]
SQL: SELECT * FROM `role` WHERE `r_role` = '小小组长' LIMIT 1   [ RunTime:0.0011s ]
SQL: INSERT INTO `role` (`r_role`) VALUES ('小小组长') [ RunTime:0.0489s ]
INFO: [ app_end ] --START--
INFO: Run Behavior\ShowPageTraceBehavior [ RunTime:0.000663s ]
INFO: [ app_end ] --END-- [ RunTime:0.000761s ]

[ 2016-05-02T20:23:48+08:00 ] 127.0.0.1 /mouth5/zhoukaosan/index.php/Home/Index/fenpei
INFO: [ app_init ] --START--
INFO: Run Behavior\BuildLiteBehavior [ RunTime:0.000037s ]
INFO: [ app_init ] --END-- [ RunTime:0.000791s ]

[ 2016-05-02T20:23:51+08:00 ] 127.0.0.1 /mouth5/zhoukaosan/index.php/Home/Index/fenpei
INFO: [ app_init ] --START--
INFO: Run Behavior\BuildLiteBehavior [ RunTime:0.000013s ]
INFO: [ app_init ] --END-- [ RunTime:0.000379s ]

[ 2016-05-02T20:25:30+08:00 ] 127.0.0.1 /mouth5/zhoukaosan/index.php/Home/Index/fenpei.html
INFO: [ app_init ] --START--
INFO: Run Behavior\BuildLiteBehavior [ RunTime:0.000016s ]
INFO: [ app_init ] --END-- [ RunTime:0.000462s ]

[ 2016-05-02T20:25:33+08:00 ] 127.0.0.1 /mouth5/zhoukaosan/index.php/Home/Index/quanxian.html
INFO: [ app_init ] --START--
INFO: Run Behavior\BuildLiteBehavior [ RunTime:0.000022s ]
INFO: [ app_init ] --END-- [ RunTime:0.000520s ]

[ 2016-05-02T20:25:35+08:00 ] 127.0.0.1 /mouth5/zhoukaosan/index.php/Home/Index/quanxian.html
INFO: [ app_init ] --START--
INFO: Run Behavior\BuildLiteBehavior [ RunTime:0.000019s ]
INFO: [ app_init ] --END-- [ RunTime:0.001165s ]

[ 2016-05-02T20:30:38+08:00 ] 127.0.0.1 /mouth5/zhoukaosan/index.php/Home/Index/quanxian.html
INFO: [ app_init ] --START--
INFO: Run Behavior\BuildLiteBehavior [ RunTime:0.000016s ]
INFO: [ app_init ] --END-- [ RunTime:0.000453s ]

[ 2016-05-02T20:30:39+08:00 ] 127.0.0.1 /mouth5/zhoukaosan/index.php/Home/Index/quanxian.html
INFO: [ app_init ] --START--
INFO: Run Behavior\BuildLiteBehavior [ RunTime:0.000015s ]
INFO: [ app_init ] --END-- [ RunTime:0.000385s ]

[ 2016-05-02T20:30:40+08:00 ] 127.0.0.1 /mouth5/zhoukaosan/index.php/Home/Index/quanxian.html
INFO: [ app_init ] --START--
INFO: Run Behavior\BuildLiteBehavior [ RunTime:0.000059s ]
INFO: [ app_init ] --END-- [ RunTime:0.001231s ]

[ 2016-05-02T20:30:40+08:00 ] 127.0.0.1 /mouth5/zhoukaosan/index.php/Home/Index/quanxian.html
INFO: [ app_init ] --START--
INFO: Run Behavior\BuildLiteBehavior [ RunTime:0.000045s ]
INFO: [ app_init ] --END-- [ RunTime:0.000650s ]

[ 2016-05-02T20:30:41+08:00 ] 127.0.0.1 /mouth5/zhoukaosan/index.php/Home/Index/quanxian.html
INFO: [ app_init ] --START--
INFO: Run Behavior\BuildLiteBehavior [ RunTime:0.000014s ]
INFO: [ app_init ] --END-- [ RunTime:0.000541s ]

[ 2016-05-02T20:30:41+08:00 ] 127.0.0.1 /mouth5/zhoukaosan/index.php/Home/Index/quanxian.html
INFO: [ app_init ] --START--
INFO: Run Behavior\BuildLiteBehavior [ RunTime:0.000014s ]
INFO: [ app_init ] --END-- [ RunTime:0.000369s ]

[ 2016-05-02T20:30:42+08:00 ] 127.0.0.1 /mouth5/zhoukaosan/index.php/Home/Index/quanxian.html
INFO: [ app_init ] --START--
INFO: Run Behavior\BuildLiteBehavior [ RunTime:0.000019s ]
INFO: [ app_init ] --END-- [ RunTime:0.000474s ]

[ 2016-05-02T20:30:42+08:00 ] 127.0.0.1 /mouth5/zhoukaosan/index.php/Home/Index/quanxian.html
INFO: [ app_init ] --START--
INFO: Run Behavior\BuildLiteBehavior [ RunTime:0.000019s ]
INFO: [ app_init ] --END-- [ RunTime:0.001249s ]

[ 2016-05-02T20:30:43+08:00 ] 127.0.0.1 /mouth5/zhoukaosan/index.php/Home/Index/quanxian.html
INFO: [ app_init ] --START--
INFO: Run Behavior\BuildLiteBehavior [ RunTime:0.000015s ]
INFO: [ app_init ] --END-- [ RunTime:0.000658s ]

[ 2016-05-02T20:30:43+08:00 ] 127.0.0.1 /mouth5/zhoukaosan/index.php/Home/Index/quanxian.html
INFO: [ app_init ] --START--
INFO: Run Behavior\BuildLiteBehavior [ RunTime:0.000027s ]
INFO: [ app_init ] --END-- [ RunTime:0.000906s ]

[ 2016-05-02T20:30:44+08:00 ] 127.0.0.1 /mouth5/zhoukaosan/index.php/Home/Index/quanxian.html
INFO: [ app_init ] --START--
INFO: Run Behavior\BuildLiteBehavior [ RunTime:0.000014s ]
INFO: [ app_init ] --END-- [ RunTime:0.000374s ]

[ 2016-05-02T20:30:44+08:00 ] 127.0.0.1 /mouth5/zhoukaosan/index.php/Home/Index/quanxian.html
INFO: [ app_init ] --START--
INFO: Run Behavior\BuildLiteBehavior [ RunTime:0.000016s ]
INFO: [ app_init ] --END-- [ RunTime:0.000426s ]

[ 2016-05-02T20:30:45+08:00 ] 127.0.0.1 /mouth5/zhoukaosan/index.php/Home/Index/quanxian.html
INFO: [ app_init ] --START--
INFO: Run Behavior\BuildLiteBehavior [ RunTime:0.000045s ]
INFO: [ app_init ] --END-- [ RunTime:0.001283s ]

[ 2016-05-02T20:31:06+08:00 ] 127.0.0.1 /mouth5/zhoukaosan/index.php/Home/Index/quanxian.html
INFO: [ app_init ] --START--
INFO: Run Behavior\BuildLiteBehavior [ RunTime:0.000018s ]
INFO: [ app_init ] --END-- [ RunTime:0.000377s ]

[ 2016-05-02T20:31:09+08:00 ] 127.0.0.1 /mouth5/zhoukaosan/index.php/Home/Index/quanxian.html
INFO: [ app_init ] --START--
INFO: Run Behavior\BuildLiteBehavior [ RunTime:0.000031s ]
INFO: [ app_init ] --END-- [ RunTime:0.000474s ]

[ 2016-05-02T20:31:20+08:00 ] 127.0.0.1 /mouth5/zhoukaosan/index.php/Home/Index/quanxian.html
INFO: [ app_init ] --START--
INFO: Run Behavior\BuildLiteBehavior [ RunTime:0.000013s ]
INFO: [ app_init ] --END-- [ RunTime:0.000309s ]

[ 2016-05-02T20:31:28+08:00 ] 127.0.0.1 /mouth5/zhoukaosan/index.php/Home/Index/quanxian.html
INFO: [ app_init ] --START--
INFO: Run Behavior\BuildLiteBehavior [ RunTime:0.000013s ]
INFO: [ app_init ] --END-- [ RunTime:0.000344s ]

[ 2016-05-02T20:31:34+08:00 ] 127.0.0.1 /mouth5/zhoukaosan/index.php/Home/Index/quanxian.html
INFO: [ app_init ] --START--
INFO: Run Behavior\BuildLiteBehavior [ RunTime:0.000015s ]
INFO: [ app_init ] --END-- [ RunTime:0.000378s ]

[ 2016-05-02T20:32:57+08:00 ] 127.0.0.1 /mouth5/zhoukaosan/index.php/Home/Index/quanxian.html
INFO: [ app_init ] --START--
INFO: Run Behavior\BuildLiteBehavior [ RunTime:0.000014s ]
INFO: [ app_init ] --END-- [ RunTime:0.000408s ]

[ 2016-05-02T20:32:58+08:00 ] 127.0.0.1 /mouth5/zhoukaosan/index.php/Home/Index/quanxian.html
INFO: [ app_init ] --START--
INFO: Run Behavior\BuildLiteBehavior [ RunTime:0.000020s ]
INFO: [ app_init ] --END-- [ RunTime:0.000636s ]

[ 2016-05-02T20:32:59+08:00 ] 127.0.0.1 /mouth5/zhoukaosan/index.php/Home/Index/quanxian.html
INFO: [ app_init ] --START--
INFO: Run Behavior\BuildLiteBehavior [ RunTime:0.000028s ]
INFO: [ app_init ] --END-- [ RunTime:0.001301s ]

[ 2016-05-02T20:32:59+08:00 ] 127.0.0.1 /mouth5/zhoukaosan/index.php/Home/Index/quanxian.html
INFO: [ app_init ] --START--
INFO: Run Behavior\BuildLiteBehavior [ RunTime:0.000023s ]
INFO: [ app_init ] --END-- [ RunTime:0.000564s ]

[ 2016-05-02T20:33:00+08:00 ] 127.0.0.1 /mouth5/zhoukaosan/index.php/Home/Index/quanxian.html
INFO: [ app_init ] --START--
INFO: Run Behavior\BuildLiteBehavior [ RunTime:0.000015s ]
INFO: [ app_init ] --END-- [ RunTime:0.000650s ]

[ 2016-05-02T20:33:16+08:00 ] 127.0.0.1 /mouth5/zhoukaosan/index.php/Home/Index/quanxian.html
INFO: [ app_init ] --START--
INFO: Run Behavior\BuildLiteBehavior [ RunTime:0.000014s ]
INFO: [ app_init ] --END-- [ RunTime:0.000305s ]

[ 2016-05-02T20:33:17+08:00 ] 127.0.0.1 /mouth5/zhoukaosan/index.php/Home/Index/quanxian.html
INFO: [ app_init ] --START--
INFO: Run Behavior\BuildLiteBehavior [ RunTime:0.000020s ]
INFO: [ app_init ] --END-- [ RunTime:0.000794s ]

[ 2016-05-02T20:33:18+08:00 ] 127.0.0.1 /mouth5/zhoukaosan/index.php/Home/Index/quanxian.html
INFO: [ app_init ] --START--
INFO: Run Behavior\BuildLiteBehavior [ RunTime:0.000013s ]
INFO: [ app_init ] --END-- [ RunTime:0.000695s ]

[ 2016-05-02T20:33:18+08:00 ] 127.0.0.1 /mouth5/zhoukaosan/index.php/Home/Index/quanxian.html
INFO: [ app_init ] --START--
INFO: Run Behavior\BuildLiteBehavior [ RunTime:0.000014s ]
INFO: [ app_init ] --END-- [ RunTime:0.000548s ]

[ 2016-05-02T20:33:19+08:00 ] 127.0.0.1 /mouth5/zhoukaosan/index.php/Home/Index/quanxian.html
INFO: [ app_init ] --START--
INFO: Run Behavior\BuildLiteBehavior [ RunTime:0.000019s ]
INFO: [ app_init ] --END-- [ RunTime:0.000570s ]

[ 2016-05-02T20:34:14+08:00 ] 127.0.0.1 /mouth5/zhoukaosan/index.php/Home/Index/quanxian.html
INFO: [ app_init ] --START--
INFO: Run Behavior\BuildLiteBehavior [ RunTime:0.000015s ]
INFO: [ app_init ] --END-- [ RunTime:0.000709s ]

[ 2016-05-02T20:34:15+08:00 ] 127.0.0.1 /mouth5/zhoukaosan/index.php/Home/Index/quanxian.html
INFO: [ app_init ] --START--
INFO: Run Behavior\BuildLiteBehavior [ RunTime:0.000017s ]
INFO: [ app_init ] --END-- [ RunTime:0.000605s ]

[ 2016-05-02T20:34:16+08:00 ] 127.0.0.1 /mouth5/zhoukaosan/index.php/Home/Index/quanxian.html
INFO: [ app_init ] --START--
INFO: Run Behavior\BuildLiteBehavior [ RunTime:0.000014s ]
INFO: [ app_init ] --END-- [ RunTime:0.000401s ]

[ 2016-05-02T20:34:17+08:00 ] 127.0.0.1 /mouth5/zhoukaosan/index.php/Home/Index/quanxian.html
INFO: [ app_init ] --START--
INFO: Run Behavior\BuildLiteBehavior [ RunTime:0.000022s ]
INFO: [ app_init ] --END-- [ RunTime:0.000466s ]

[ 2016-05-02T20:36:56+08:00 ] 127.0.0.1 /mouth5/zhoukaosan/index.php/Home/Index/quanxian.html
INFO: [ app_init ] --START--
INFO: Run Behavior\BuildLiteBehavior [ RunTime:0.000015s ]
INFO: [ app_init ] --END-- [ RunTime:0.000416s ]

[ 2016-05-02T20:36:57+08:00 ] 127.0.0.1 /mouth5/zhoukaosan/index.php/Home/Index/quanxian.html
INFO: [ app_init ] --START--
INFO: Run Behavior\BuildLiteBehavior [ RunTime:0.000014s ]
INFO: [ app_init ] --END-- [ RunTime:0.000538s ]

[ 2016-05-02T20:36:58+08:00 ] 127.0.0.1 /mouth5/zhoukaosan/index.php/Home/Index/quanxian.html
INFO: [ app_init ] --START--
INFO: Run Behavior\BuildLiteBehavior [ RunTime:0.000015s ]
INFO: [ app_init ] --END-- [ RunTime:0.000424s ]

[ 2016-05-02T20:40:30+08:00 ] 127.0.0.1 /mouth5/zhoukaosan/index.php/Home/Index/uquery.html
INFO: [ app_init ] --START--
INFO: Run Behavior\BuildLiteBehavior [ RunTime:0.000015s ]
INFO: [ app_init ] --END-- [ RunTime:0.000361s ]
INFO: [ app_begin ] --START--
INFO: Run Behavior\ReadHtmlCacheBehavior [ RunTime:0.000721s ]
INFO: [ app_begin ] --END-- [ RunTime:0.000794s ]
SQL: SHOW COLUMNS FROM `pivilege` [ RunTime:0.0043s ]
SQL: SELECT * FROM `pivilege` INNER JOIN r_p on r_p.p_id=pivilege.p_id  WHERE `r_id` = '1'  [ RunTime:0.0010s ]
INFO: [ app_end ] --START--
INFO: Run Behavior\ShowPageTraceBehavior [ RunTime:0.000637s ]
INFO: [ app_end ] --END-- [ RunTime:0.000691s ]

[ 2016-05-02T20:40:40+08:00 ] 127.0.0.1 /mouth5/zhoukaosan/index.php/Home/Index/quanxian.html
INFO: [ app_init ] --START--
INFO: Run Behavior\BuildLiteBehavior [ RunTime:0.000025s ]
INFO: [ app_init ] --END-- [ RunTime:0.000526s ]

[ 2016-05-02T20:40:41+08:00 ] 127.0.0.1 /mouth5/zhoukaosan/index.php/Home/Index/quanxian.html
INFO: [ app_init ] --START--
INFO: Run Behavior\BuildLiteBehavior [ RunTime:0.000017s ]
INFO: [ app_init ] --END-- [ RunTime:0.000481s ]

[ 2016-05-02T20:40:43+08:00 ] 127.0.0.1 /mouth5/zhoukaosan/index.php/Home/Index/uquery.html
INFO: [ app_init ] --START--
INFO: Run Behavior\BuildLiteBehavior [ RunTime:0.000015s ]
INFO: [ app_init ] --END-- [ RunTime:0.000587s ]
INFO: [ app_begin ] --START--
INFO: Run Behavior\ReadHtmlCacheBehavior [ RunTime:0.000600s ]
INFO: [ app_begin ] --END-- [ RunTime:0.000660s ]
SQL: SHOW COLUMNS FROM `pivilege` [ RunTime:0.0047s ]
SQL: SELECT * FROM `pivilege` INNER JOIN r_p on r_p.p_id=pivilege.p_id  WHERE `r_id` = '1'  [ RunTime:0.0008s ]
INFO: [ app_end ] --START--
INFO: Run Behavior\ShowPageTraceBehavior [ RunTime:0.000826s ]
INFO: [ app_end ] --END-- [ RunTime:0.000912s ]

[ 2016-05-02T20:46:16+08:00 ] 127.0.0.1 /mouth5/zhoukaosan/index.php/Home/Index/quanxian.html
INFO: [ app_init ] --START--
INFO: Run Behavior\BuildLiteBehavior [ RunTime:0.000016s ]
INFO: [ app_init ] --END-- [ RunTime:0.000431s ]

[ 2016-05-02T20:46:19+08:00 ] 127.0.0.1 /mouth5/zhoukaosan/index.php/Home/Index/uquery.html
INFO: [ app_init ] --START--
INFO: Run Behavior\BuildLiteBehavior [ RunTime:0.000015s ]
INFO: [ app_init ] --END-- [ RunTime:0.000365s ]
INFO: [ app_begin ] --START--
INFO: Run Behavior\ReadHtmlCacheBehavior [ RunTime:0.000475s ]
INFO: [ app_begin ] --END-- [ RunTime:0.000539s ]
SQL: SHOW COLUMNS FROM `pivilege` [ RunTime:0.0049s ]
SQL: SELECT * FROM `pivilege` INNER JOIN r_p on r_p.p_id=pivilege.p_id  WHERE `r_id` = '1'  [ RunTime:0.0007s ]
INFO: [ app_end ] --START--
INFO: Run Behavior\ShowPageTraceBehavior [ RunTime:0.000783s ]
INFO: [ app_end ] --END-- [ RunTime:0.000873s ]

[ 2016-05-02T20:46:23+08:00 ] 127.0.0.1 /mouth5/zhoukaosan/index.php/Home/Index/quanxian.html
INFO: [ app_init ] --START--
INFO: Run Behavior\BuildLiteBehavior [ RunTime:0.000020s ]
INFO: [ app_init ] --END-- [ RunTime:0.000553s ]

[ 2016-05-02T20:46:27+08:00 ] 127.0.0.1 /mouth5/zhoukaosan/index.php/Home/Index/uquery.html
INFO: [ app_init ] --START--
INFO: Run Behavior\BuildLiteBehavior [ RunTime:0.000023s ]
INFO: [ app_init ] --END-- [ RunTime:0.000426s ]
INFO: [ app_begin ] --START--
INFO: Run Behavior\ReadHtmlCacheBehavior [ RunTime:0.000547s ]
INFO: [ app_begin ] --END-- [ RunTime:0.000601s ]
SQL: SHOW COLUMNS FROM `pivilege` [ RunTime:0.0045s ]
SQL: SELECT * FROM `pivilege` INNER JOIN r_p on r_p.p_id=pivilege.p_id  WHERE `r_id` = '1'  [ RunTime:0.0008s ]
INFO: [ app_end ] --START--
INFO: Run Behavior\ShowPageTraceBehavior [ RunTime:0.000740s ]
INFO: [ app_end ] --END-- [ RunTime:0.000834s ]

[ 2016-05-02T20:46:51+08:00 ] 127.0.0.1 /mouth5/zhoukaosan/index.php/Home/Index/quanxian.html
INFO: [ app_init ] --START--
INFO: Run Behavior\BuildLiteBehavior [ RunTime:0.000019s ]
INFO: [ app_init ] --END-- [ RunTime:0.000444s ]

[ 2016-05-02T20:46:52+08:00 ] 127.0.0.1 /mouth5/zhoukaosan/index.php/Home/Index/quanxian.html
INFO: [ app_init ] --START--
INFO: Run Behavior\BuildLiteBehavior [ RunTime:0.000013s ]
INFO: [ app_init ] --END-- [ RunTime:0.000334s ]

[ 2016-05-02T20:46:54+08:00 ] 127.0.0.1 /mouth5/zhoukaosan/index.php/Home/Index/uquery.html
INFO: [ app_init ] --START--
INFO: Run Behavior\BuildLiteBehavior [ RunTime:0.000013s ]
INFO: [ app_init ] --END-- [ RunTime:0.000589s ]
INFO: [ app_begin ] --START--
INFO: Run Behavior\ReadHtmlCacheBehavior [ RunTime:0.000496s ]
INFO: [ app_begin ] --END-- [ RunTime:0.000560s ]
SQL: SHOW COLUMNS FROM `pivilege` [ RunTime:0.0039s ]
SQL: SELECT * FROM `pivilege` INNER JOIN r_p on r_p.p_id=pivilege.p_id  WHERE `r_id` = '2'  [ RunTime:0.0007s ]
INFO: [ app_end ] --START--
INFO: Run Behavior\ShowPageTraceBehavior [ RunTime:0.000775s ]
INFO: [ app_end ] --END-- [ RunTime:0.000867s ]

[ 2016-05-02T20:46:57+08:00 ] 127.0.0.1 /mouth5/zhoukaosan/index.php/Home/Index/uquery.html
INFO: [ app_init ] --START--
INFO: Run Behavior\BuildLiteBehavior [ RunTime:0.000029s ]
INFO: [ app_init ] --END-- [ RunTime:0.000511s ]
INFO: [ app_begin ] --START--
INFO: Run Behavior\ReadHtmlCacheBehavior [ RunTime:0.000963s ]
INFO: [ app_begin ] --END-- [ RunTime:0.001097s ]
SQL: SHOW COLUMNS FROM `pivilege` [ RunTime:0.0046s ]
SQL: SELECT * FROM `pivilege` INNER JOIN r_p on r_p.p_id=pivilege.p_id  WHERE `r_id` = '1'  [ RunTime:0.0008s ]
INFO: [ app_end ] --START--
INFO: Run Behavior\ShowPageTraceBehavior [ RunTime:0.000579s ]
INFO: [ app_end ] --END-- [ RunTime:0.000671s ]

[ 2016-05-02T20:47:02+08:00 ] 127.0.0.1 /mouth5/zhoukaosan/index.php/Home/Index/quanxian.html
INFO: [ app_init ] --START--
INFO: Run Behavior\BuildLiteBehavior [ RunTime:0.000014s ]
INFO: [ app_init ] --END-- [ RunTime:0.000375s ]

[ 2016-05-02T20:47:20+08:00 ] 127.0.0.1 /mouth5/zhoukaosan/index.php/Home/Index/uquery.html
INFO: [ app_init ] --START--
INFO: Run Behavior\BuildLiteBehavior [ RunTime:0.000015s ]
INFO: [ app_init ] --END-- [ RunTime:0.000387s ]
INFO: [ app_begin ] --START--
INFO: Run Behavior\ReadHtmlCacheBehavior [ RunTime:0.000814s ]
INFO: [ app_begin ] --END-- [ RunTime:0.000934s ]
SQL: SHOW COLUMNS FROM `pivilege` [ RunTime:0.0054s ]
SQL: SELECT * FROM `pivilege` INNER JOIN r_p on r_p.p_id=pivilege.p_id  WHERE `r_id` = '1'  [ RunTime:0.0007s ]
INFO: [ app_end ] --START--
INFO: Run Behavior\ShowPageTraceBehavior [ RunTime:0.000719s ]
INFO: [ app_end ] --END-- [ RunTime:0.000792s ]

[ 2016-05-02T20:47:27+08:00 ] 127.0.0.1 /mouth5/zhoukaosan/index.php/Home/Index/uquery.html
INFO: [ app_init ] --START--
INFO: Run Behavior\BuildLiteBehavior [ RunTime:0.000017s ]
INFO: [ app_init ] --END-- [ RunTime:0.000369s ]
INFO: [ app_begin ] --START--
INFO: Run Behavior\ReadHtmlCacheBehavior [ RunTime:0.000585s ]
INFO: [ app_begin ] --END-- [ RunTime:0.000677s ]
SQL: SHOW COLUMNS FROM `pivilege` [ RunTime:0.0042s ]
SQL: SELECT * FROM `pivilege` INNER JOIN r_p on r_p.p_id=pivilege.p_id  WHERE `r_id` = '2'  [ RunTime:0.0008s ]
INFO: [ app_end ] --START--
INFO: Run Behavior\ShowPageTraceBehavior [ RunTime:0.000719s ]
INFO: [ app_end ] --END-- [ RunTime:0.000814s ]

[ 2016-05-02T20:47:35+08:00 ] 127.0.0.1 /mouth5/zhoukaosan/index.php/Home/Index/uquery.html
INFO: [ app_init ] --START--
INFO: Run Behavior\BuildLiteBehavior [ RunTime:0.000023s ]
INFO: [ app_init ] --END-- [ RunTime:0.000550s ]
INFO: [ app_begin ] --START--
INFO: Run Behavior\ReadHtmlCacheBehavior [ RunTime:0.000719s ]
INFO: [ app_begin ] --END-- [ RunTime:0.000788s ]
SQL: SHOW COLUMNS FROM `pivilege` [ RunTime:0.0052s ]
SQL: SELECT * FROM `pivilege` INNER JOIN r_p on r_p.p_id=pivilege.p_id  WHERE `r_id` = '1'  [ RunTime:0.0009s ]
INFO: [ app_end ] --START--
INFO: Run Behavior\ShowPageTraceBehavior [ RunTime:0.000602s ]
INFO: [ app_end ] --END-- [ RunTime:0.000661s ]

[ 2016-05-02T20:47:40+08:00 ] 127.0.0.1 /mouth5/zhoukaosan/index.php/Home/Index/uquery.html
INFO: [ app_init ] --START--
INFO: Run Behavior\BuildLiteBehavior [ RunTime:0.000018s ]
INFO: [ app_init ] --END-- [ RunTime:0.000423s ]
INFO: [ app_begin ] --START--
INFO: Run Behavior\ReadHtmlCacheBehavior [ RunTime:0.000576s ]
INFO: [ app_begin ] --END-- [ RunTime:0.000655s ]
SQL: SHOW COLUMNS FROM `pivilege` [ RunTime:0.0042s ]
SQL: SELECT * FROM `pivilege` INNER JOIN r_p on r_p.p_id=pivilege.p_id  WHERE `r_id` = '2'  [ RunTime:0.0007s ]
INFO: [ app_end ] --START--
INFO: Run Behavior\ShowPageTraceBehavior [ RunTime:0.000658s ]
INFO: [ app_end ] --END-- [ RunTime:0.000719s ]

[ 2016-05-02T20:47:42+08:00 ] 127.0.0.1 /mouth5/zhoukaosan/index.php/Home/Index/uquery.html
INFO: [ app_init ] --START--
INFO: Run Behavior\BuildLiteBehavior [ RunTime:0.000013s ]
INFO: [ app_init ] --END-- [ RunTime:0.000298s ]
INFO: [ app_begin ] --START--
INFO: Run Behavior\ReadHtmlCacheBehavior [ RunTime:0.000524s ]
INFO: [ app_begin ] --END-- [ RunTime:0.000593s ]
SQL: SHOW COLUMNS FROM `pivilege` [ RunTime:0.0046s ]
SQL: SELECT * FROM `pivilege` INNER JOIN r_p on r_p.p_id=pivilege.p_id  WHERE `r_id` = '1'  [ RunTime:0.0008s ]
INFO: [ app_end ] --START--
INFO: Run Behavior\ShowPageTraceBehavior [ RunTime:0.000649s ]
INFO: [ app_end ] --END-- [ RunTime:0.000738s ]

[ 2016-05-02T20:47:45+08:00 ] 127.0.0.1 /mouth5/zhoukaosan/index.php/Home/Index/uquery.html
INFO: [ app_init ] --START--
INFO: Run Behavior\BuildLiteBehavior [ RunTime:0.000016s ]
INFO: [ app_init ] --END-- [ RunTime:0.000399s ]
INFO: [ app_begin ] --START--
INFO: Run Behavior\ReadHtmlCacheBehavior [ RunTime:0.000520s ]
INFO: [ app_begin ] --END-- [ RunTime:0.000595s ]
SQL: SHOW COLUMNS FROM `pivilege` [ RunTime:0.0046s ]
SQL: SELECT * FROM `pivilege` INNER JOIN r_p on r_p.p_id=pivilege.p_id  WHERE `r_id` = '2'  [ RunTime:0.0008s ]
INFO: [ app_end ] --START--
INFO: Run Behavior\ShowPageTraceBehavior [ RunTime:0.000696s ]
INFO: [ app_end ] --END-- [ RunTime:0.000757s ]

[ 2016-05-02T20:47:47+08:00 ] 127.0.0.1 /mouth5/zhoukaosan/index.php/Home/Index/uquery.html
INFO: [ app_init ] --START--
INFO: Run Behavior\BuildLiteBehavior [ RunTime:0.000016s ]
INFO: [ app_init ] --END-- [ RunTime:0.000410s ]
INFO: [ app_begin ] --START--
INFO: Run Behavior\ReadHtmlCacheBehavior [ RunTime:0.000822s ]
INFO: [ app_begin ] --END-- [ RunTime:0.000910s ]
SQL: SHOW COLUMNS FROM `pivilege` [ RunTime:0.0043s ]
SQL: SELECT * FROM `pivilege` INNER JOIN r_p on r_p.p_id=pivilege.p_id  WHERE `r_id` = '3'  [ RunTime:0.0007s ]
INFO: [ app_end ] --START--
INFO: Run Behavior\ShowPageTraceBehavior [ RunTime:0.000598s ]
INFO: [ app_end ] --END-- [ RunTime:0.000696s ]

[ 2016-05-02T20:47:53+08:00 ] 127.0.0.1 /mouth5/zhoukaosan/index.php/Home/Index/uquery.html
INFO: [ app_init ] --START--
INFO: Run Behavior\BuildLiteBehavior [ RunTime:0.000015s ]
INFO: [ app_init ] --END-- [ RunTime:0.000406s ]
INFO: [ app_begin ] --START--
INFO: Run Behavior\ReadHtmlCacheBehavior [ RunTime:0.001017s ]
INFO: [ app_begin ] --END-- [ RunTime:0.001146s ]
SQL: SHOW COLUMNS FROM `pivilege` [ RunTime:0.0045s ]
SQL: SELECT * FROM `pivilege` INNER JOIN r_p on r_p.p_id=pivilege.p_id  WHERE `r_id` = '1'  [ RunTime:0.0008s ]
INFO: [ app_end ] --START--
INFO: Run Behavior\ShowPageTraceBehavior [ RunTime:0.000723s ]
INFO: [ app_end ] --END-- [ RunTime:0.000802s ]

[ 2016-05-02T20:47:57+08:00 ] 127.0.0.1 /mouth5/zhoukaosan/index.php/Home/Index/quanxian.html
INFO: [ app_init ] --START--
INFO: Run Behavior\BuildLiteBehavior [ RunTime:0.000023s ]
INFO: [ app_init ] --END-- [ RunTime:0.000534s ]

[ 2016-05-02T20:48:00+08:00 ] 127.0.0.1 /mouth5/zhoukaosan/index.php/Home/Index/uquery.html
INFO: [ app_init ] --START--
INFO: Run Behavior\BuildLiteBehavior [ RunTime:0.000021s ]
INFO: [ app_init ] --END-- [ RunTime:0.000497s ]
INFO: [ app_begin ] --START--
INFO: Run Behavior\ReadHtmlCacheBehavior [ RunTime:0.000912s ]
INFO: [ app_begin ] --END-- [ RunTime:0.001030s ]
SQL: SHOW COLUMNS FROM `pivilege` [ RunTime:0.0041s ]
SQL: SELECT * FROM `pivilege` INNER JOIN r_p on r_p.p_id=pivilege.p_id  WHERE `r_id` = '1'  [ RunTime:0.0009s ]
INFO: [ app_end ] --START--
INFO: Run Behavior\ShowPageTraceBehavior [ RunTime:0.000714s ]
INFO: [ app_end ] --END-- [ RunTime:0.000813s ]

[ 2016-05-02T20:48:03+08:00 ] 127.0.0.1 /mouth5/zhoukaosan/index.php/Home/Index/uquery.html
INFO: [ app_init ] --START--
INFO: Run Behavior\BuildLiteBehavior [ RunTime:0.000018s ]
INFO: [ app_init ] --END-- [ RunTime:0.000416s ]
INFO: [ app_begin ] --START--
INFO: Run Behavior\ReadHtmlCacheBehavior [ RunTime:0.000623s ]
INFO: [ app_begin ] --END-- [ RunTime:0.000724s ]
SQL: SHOW COLUMNS FROM `pivilege` [ RunTime:0.0043s ]
SQL: SELECT * FROM `pivilege` INNER JOIN r_p on r_p.p_id=pivilege.p_id  WHERE `r_id` = '2'  [ RunTime:0.0007s ]
INFO: [ app_end ] --START--
INFO: Run Behavior\ShowPageTraceBehavior [ RunTime:0.000542s ]
INFO: [ app_end ] --END-- [ RunTime:0.000620s ]

[ 2016-05-02T20:48:05+08:00 ] 127.0.0.1 /mouth5/zhoukaosan/index.php/Home/Index/uquery.html
INFO: [ app_init ] --START--
INFO: Run Behavior\BuildLiteBehavior [ RunTime:0.000018s ]
INFO: [ app_init ] --END-- [ RunTime:0.000348s ]
INFO: [ app_begin ] --START--
INFO: Run Behavior\ReadHtmlCacheBehavior [ RunTime:0.000670s ]
INFO: [ app_begin ] --END-- [ RunTime:0.000749s ]
SQL: SHOW COLUMNS FROM `pivilege` [ RunTime:0.0043s ]
SQL: SELECT * FROM `pivilege` INNER JOIN r_p on r_p.p_id=pivilege.p_id  WHERE `r_id` = '3'  [ RunTime:0.0013s ]
INFO: [ app_end ] --START--
INFO: Run Behavior\ShowPageTraceBehavior [ RunTime:0.000604s ]
INFO: [ app_end ] --END-- [ RunTime:0.000680s ]

[ 2016-05-02T20:48:53+08:00 ] 127.0.0.1 /mouth5/zhoukaosan/index.php/Home/Index/quanxian.html
INFO: [ app_init ] --START--
INFO: Run Behavior\BuildLiteBehavior [ RunTime:0.000021s ]
INFO: [ app_init ] --END-- [ RunTime:0.000552s ]

[ 2016-05-02T20:48:55+08:00 ] 127.0.0.1 /mouth5/zhoukaosan/index.php/Home/Index/uquery.html
INFO: [ app_init ] --START--
INFO: Run Behavior\BuildLiteBehavior [ RunTime:0.000025s ]
INFO: [ app_init ] --END-- [ RunTime:0.000391s ]
INFO: [ app_begin ] --START--
INFO: Run Behavior\ReadHtmlCacheBehavior [ RunTime:0.000452s ]
INFO: [ app_begin ] --END-- [ RunTime:0.000512s ]
SQL: SHOW COLUMNS FROM `pivilege` [ RunTime:0.0045s ]
SQL: SELECT * FROM `pivilege` INNER JOIN r_p on r_p.p_id=pivilege.p_id  WHERE `r_id` = '1'  [ RunTime:0.0009s ]
INFO: [ app_end ] --START--
INFO: Run Behavior\ShowPageTraceBehavior [ RunTime:0.000594s ]
INFO: [ app_end ] --END-- [ RunTime:0.000689s ]

[ 2016-05-02T20:48:57+08:00 ] 127.0.0.1 /mouth5/zhoukaosan/index.php/Home/Index/uquery.html
INFO: [ app_init ] --START--
INFO: Run Behavior\BuildLiteBehavior [ RunTime:0.000016s ]
INFO: [ app_init ] --END-- [ RunTime:0.000404s ]
INFO: [ app_begin ] --START--
INFO: Run Behavior\ReadHtmlCacheBehavior [ RunTime:0.000514s ]
INFO: [ app_begin ] --END-- [ RunTime:0.000604s ]
SQL: SHOW COLUMNS FROM `pivilege` [ RunTime:0.0043s ]
SQL: SELECT * FROM `pivilege` INNER JOIN r_p on r_p.p_id=pivilege.p_id  WHERE `r_id` = '2'  [ RunTime:0.0008s ]
INFO: [ app_end ] --START--
INFO: Run Behavior\ShowPageTraceBehavior [ RunTime:0.000628s ]
INFO: [ app_end ] --END-- [ RunTime:0.000695s ]

[ 2016-05-02T20:49:00+08:00 ] 127.0.0.1 /mouth5/zhoukaosan/index.php/Home/Index/uquery.html
INFO: [ app_init ] --START--
INFO: Run Behavior\BuildLiteBehavior [ RunTime:0.000023s ]
INFO: [ app_init ] --END-- [ RunTime:0.000667s ]
INFO: [ app_begin ] --START--
INFO: Run Behavior\ReadHtmlCacheBehavior [ RunTime:0.000679s ]
INFO: [ app_begin ] --END-- [ RunTime:0.000759s ]
SQL: SHOW COLUMNS FROM `pivilege` [ RunTime:0.0038s ]
SQL: SELECT * FROM `pivilege` INNER JOIN r_p on r_p.p_id=pivilege.p_id  WHERE `r_id` = '3'  [ RunTime:0.0007s ]
INFO: [ app_end ] --START--
INFO: Run Behavior\ShowPageTraceBehavior [ RunTime:0.000608s ]
INFO: [ app_end ] --END-- [ RunTime:0.000739s ]

[ 2016-05-02T20:49:03+08:00 ] 127.0.0.1 /mouth5/zhoukaosan/index.php/Home/Index/quanxian.html
INFO: [ app_init ] --START--
INFO: Run Behavior\BuildLiteBehavior [ RunTime:0.000027s ]
INFO: [ app_init ] --END-- [ RunTime:0.000828s ]

[ 2016-05-02T20:54:54+08:00 ] 127.0.0.1 /mouth5/zhoukaosan/index.php/Home/Index/uquery.html
INFO: [ app_init ] --START--
INFO: Run Behavior\BuildLiteBehavior [ RunTime:0.000018s ]
INFO: [ app_init ] --END-- [ RunTime:0.000420s ]
INFO: [ app_begin ] --START--
INFO: Run Behavior\ReadHtmlCacheBehavior [ RunTime:0.000574s ]
INFO: [ app_begin ] --END-- [ RunTime:0.000638s ]
SQL: SHOW COLUMNS FROM `pivilege` [ RunTime:0.0044s ]
SQL: SELECT * FROM `pivilege` INNER JOIN r_p on r_p.p_id=pivilege.p_id  WHERE `r_id` = '1'  [ RunTime:0.0008s ]
INFO: [ app_end ] --START--
INFO: Run Behavior\ShowPageTraceBehavior [ RunTime:0.000627s ]
INFO: [ app_end ] --END-- [ RunTime:0.000682s ]

[ 2016-05-02T20:58:44+08:00 ] 127.0.0.1 /mouth5/zhoukaosan/index.php/Home/Index/quanxian.html
INFO: [ app_init ] --START--
INFO: Run Behavior\BuildLiteBehavior [ RunTime:0.000016s ]
INFO: [ app_init ] --END-- [ RunTime:0.000398s ]

[ 2016-05-02T20:58:45+08:00 ] 127.0.0.1 /mouth5/zhoukaosan/index.php/Home/Index/quanxian.html
INFO: [ app_init ] --START--
INFO: Run Behavior\BuildLiteBehavior [ RunTime:0.000016s ]
INFO: [ app_init ] --END-- [ RunTime:0.000419s ]

[ 2016-05-02T20:58:50+08:00 ] 127.0.0.1 /mouth5/zhoukaosan/index.php/Home/Index/uquery.html
INFO: [ app_init ] --START--
INFO: Run Behavior\BuildLiteBehavior [ RunTime:0.000014s ]
INFO: [ app_init ] --END-- [ RunTime:0.000489s ]
INFO: [ app_begin ] --START--
INFO: Run Behavior\ReadHtmlCacheBehavior [ RunTime:0.000746s ]
INFO: [ app_begin ] --END-- [ RunTime:0.000826s ]
SQL: SHOW COLUMNS FROM `pivilege` [ RunTime:0.0054s ]
SQL: SELECT * FROM `pivilege` INNER JOIN r_p on r_p.p_id=pivilege.p_id  WHERE `r_id` = '1'  [ RunTime:0.0008s ]
INFO: [ app_end ] --START--
INFO: Run Behavior\ShowPageTraceBehavior [ RunTime:0.000639s ]
INFO: [ app_end ] --END-- [ RunTime:0.000710s ]

[ 2016-05-02T20:58:53+08:00 ] 127.0.0.1 /mouth5/zhoukaosan/index.php/Home/Index/quanxian.html
INFO: [ app_init ] --START--
INFO: Run Behavior\BuildLiteBehavior [ RunTime:0.000024s ]
INFO: [ app_init ] --END-- [ RunTime:0.000592s ]

[ 2016-05-02T20:58:54+08:00 ] 127.0.0.1 /mouth5/zhoukaosan/index.php/Home/Index/quanxian.html
INFO: [ app_init ] --START--
INFO: Run Behavior\BuildLiteBehavior [ RunTime:0.000013s ]
INFO: [ app_init ] --END-- [ RunTime:0.000334s ]

[ 2016-05-02T20:58:56+08:00 ] 127.0.0.1 /mouth5/zhoukaosan/index.php/Home/Index/quanxian.html
INFO: [ app_init ] --START--
INFO: Run Behavior\BuildLiteBehavior [ RunTime:0.000016s ]
INFO: [ app_init ] --END-- [ RunTime:0.000358s ]

[ 2016-05-02T20:58:57+08:00 ] 127.0.0.1 /mouth5/zhoukaosan/index.php/Home/Index/quanxian.html
INFO: [ app_init ] --START--
INFO: Run Behavior\BuildLiteBehavior [ RunTime:0.000014s ]
INFO: [ app_init ] --END-- [ RunTime:0.000302s ]

[ 2016-05-02T20:59:52+08:00 ] 127.0.0.1 /mouth5/zhoukaosan/index.php/Home/Index/quanxian.html
INFO: [ app_init ] --START--
INFO: Run Behavior\BuildLiteBehavior [ RunTime:0.000022s ]
INFO: [ app_init ] --END-- [ RunTime:0.000746s ]

[ 2016-05-02T20:59:55+08:00 ] 127.0.0.1 /mouth5/zhoukaosan/index.php/Home/Index/uquery.html
INFO: [ app_init ] --START--
INFO: Run Behavior\BuildLiteBehavior [ RunTime:0.000014s ]
INFO: [ app_init ] --END-- [ RunTime:0.000381s ]
INFO: [ app_begin ] --START--
INFO: Run Behavior\ReadHtmlCacheBehavior [ RunTime:0.000479s ]
INFO: [ app_begin ] --END-- [ RunTime:0.000540s ]
SQL: SHOW COLUMNS FROM `pivilege` [ RunTime:0.0040s ]
SQL: SELECT * FROM `pivilege` INNER JOIN r_p on r_p.p_id=pivilege.p_id  WHERE `r_id` = '1'  [ RunTime:0.0007s ]
INFO: [ app_end ] --START--
INFO: Run Behavior\ShowPageTraceBehavior [ RunTime:0.000760s ]
INFO: [ app_end ] --END-- [ RunTime:0.000823s ]

[ 2016-05-02T21:00:03+08:00 ] 127.0.0.1 /mouth5/zhoukaosan/index.php/Home/Index/quanxian.html
INFO: [ app_init ] --START--
INFO: Run Behavior\BuildLiteBehavior [ RunTime:0.000024s ]
INFO: [ app_init ] --END-- [ RunTime:0.000570s ]

[ 2016-05-02T21:01:03+08:00 ] 127.0.0.1 /mouth5/zhoukaosan/index.php/Home/Index/quanxian.html
INFO: [ app_init ] --START--
INFO: Run Behavior\BuildLiteBehavior [ RunTime:0.000044s ]
INFO: [ app_init ] --END-- [ RunTime:0.000659s ]

[ 2016-05-02T21:01:04+08:00 ] 127.0.0.1 /mouth5/zhoukaosan/index.php/Home/Index/quanxian.html
INFO: [ app_init ] --START--
INFO: Run Behavior\BuildLiteBehavior [ RunTime:0.000015s ]
INFO: [ app_init ] --END-- [ RunTime:0.000697s ]

[ 2016-05-02T21:01:06+08:00 ] 127.0.0.1 /mouth5/zhoukaosan/index.php/Home/Index/uquery.html
INFO: [ app_init ] --START--
INFO: Run Behavior\BuildLiteBehavior [ RunTime:0.000014s ]
INFO: [ app_init ] --END-- [ RunTime:0.000428s ]
INFO: [ app_begin ] --START--
INFO: Run Behavior\ReadHtmlCacheBehavior [ RunTime:0.000617s ]
INFO: [ app_begin ] --END-- [ RunTime:0.000707s ]
SQL: SHOW COLUMNS FROM `pivilege` [ RunTime:0.0050s ]
SQL: SELECT * FROM `pivilege` INNER JOIN r_p on r_p.p_id=pivilege.p_id  WHERE `r_id` = '1'  [ RunTime:0.0010s ]
INFO: [ app_end ] --START--
INFO: Run Behavior\ShowPageTraceBehavior [ RunTime:0.000802s ]
INFO: [ app_end ] --END-- [ RunTime:0.000862s ]

[ 2016-05-02T21:01:08+08:00 ] 127.0.0.1 /mouth5/zhoukaosan/index.php/Home/Index/quanxian.html
INFO: [ app_init ] --START--
INFO: Run Behavior\BuildLiteBehavior [ RunTime:0.000018s ]
INFO: [ app_init ] --END-- [ RunTime:0.000375s ]

[ 2016-05-02T21:01:58+08:00 ] 127.0.0.1 /mouth5/zhoukaosan/index.php
INFO: [ app_init ] --START--
INFO: Run Behavior\BuildLiteBehavior [ RunTime:0.000013s ]
INFO: [ app_init ] --END-- [ RunTime:0.000328s ]

[ 2016-05-02T21:02:00+08:00 ] 127.0.0.1 /mouth5/zhoukaosan/index.php/Home/Index/quanxian.html
INFO: [ app_init ] --START--
INFO: Run Behavior\BuildLiteBehavior [ RunTime:0.000014s ]
INFO: [ app_init ] --END-- [ RunTime:0.000414s ]

[ 2016-05-02T21:02:55+08:00 ] 127.0.0.1 /mouth5/zhoukaosan/index.php/Home/Index/quanxian.html
INFO: [ app_init ] --START--
INFO: Run Behavior\BuildLiteBehavior [ RunTime:0.000013s ]
INFO: [ app_init ] --END-- [ RunTime:0.000460s ]

[ 2016-05-02T21:02:58+08:00 ] 127.0.0.1 /mouth5/zhoukaosan/index.php/Home/Index/uquery.html
INFO: [ app_init ] --START--
INFO: Run Behavior\BuildLiteBehavior [ RunTime:0.000013s ]
INFO: [ app_init ] --END-- [ RunTime:0.000392s ]
INFO: [ app_begin ] --START--
INFO: Run Behavior\ReadHtmlCacheBehavior [ RunTime:0.000593s ]
INFO: [ app_begin ] --END-- [ RunTime:0.000647s ]
SQL: SHOW COLUMNS FROM `pivilege` [ RunTime:0.0042s ]
SQL: SELECT * FROM `pivilege` INNER JOIN r_p on r_p.p_id=pivilege.p_id  WHERE `r_id` = '1'  [ RunTime:0.0007s ]
INFO: [ app_end ] --START--
INFO: Run Behavior\ShowPageTraceBehavior [ RunTime:0.000812s ]
INFO: [ app_end ] --END-- [ RunTime:0.000887s ]

[ 2016-05-02T21:03:02+08:00 ] 127.0.0.1 /mouth5/zhoukaosan/index.php/Home/Index/quanxian.html
INFO: [ app_init ] --START--
INFO: Run Behavior\BuildLiteBehavior [ RunTime:0.000015s ]
INFO: [ app_init ] --END-- [ RunTime:0.000379s ]

[ 2016-05-02T21:06:15+08:00 ] 127.0.0.1 /mouth5/zhoukaosan/index.php/Home/Index/quanxian.html
INFO: [ app_init ] --START--
INFO: Run Behavior\BuildLiteBehavior [ RunTime:0.000020s ]
INFO: [ app_init ] --END-- [ RunTime:0.000582s ]

[ 2016-05-02T21:06:20+08:00 ] 127.0.0.1 /mouth5/zhoukaosan/index.php/Home/Index/adduser.html
INFO: [ app_init ] --START--
INFO: Run Behavior\BuildLiteBehavior [ RunTime:0.000023s ]
INFO: [ app_init ] --END-- [ RunTime:0.000442s ]

[ 2016-05-02T21:10:02+08:00 ] 127.0.0.1 /mouth5/zhoukaosan/index.php/Home/Index/adduser.html
INFO: [ app_init ] --START--
INFO: Run Behavior\BuildLiteBehavior [ RunTime:0.000015s ]
INFO: [ app_init ] --END-- [ RunTime:0.000638s ]

[ 2016-05-02T21:10:19+08:00 ] 127.0.0.1 /mouth5/zhoukaosan/index.php/Home/Index/adduser.html
INFO: [ app_init ] --START--
INFO: Run Behavior\BuildLiteBehavior [ RunTime:0.000022s ]
INFO: [ app_init ] --END-- [ RunTime:0.000626s ]

[ 2016-05-02T21:10:21+08:00 ] 127.0.0.1 /mouth5/zhoukaosan/index.php/Home/Index/adduser.html
INFO: [ app_init ] --START--
INFO: Run Behavior\BuildLiteBehavior [ RunTime:0.000013s ]
INFO: [ app_init ] --END-- [ RunTime:0.000307s ]

[ 2016-05-02T21:27:09+08:00 ] 127.0.0.1 /mouth5/zhoukaosan/index.php/Home/Index/quanxian.html
INFO: [ app_init ] --START--
INFO: Run Behavior\BuildLiteBehavior [ RunTime:0.000024s ]
INFO: [ app_init ] --END-- [ RunTime:0.000605s ]

[ 2016-05-02T21:27:16+08:00 ] 127.0.0.1 /mouth5/zhoukaosan/index.php/Home/Index/uquery.html
INFO: [ app_init ] --START--
INFO: Run Behavior\BuildLiteBehavior [ RunTime:0.000013s ]
INFO: [ app_init ] --END-- [ RunTime:0.000310s ]
INFO: [ app_begin ] --START--
INFO: Run Behavior\ReadHtmlCacheBehavior [ RunTime:0.000499s ]
INFO: [ app_begin ] --END-- [ RunTime:0.000561s ]
SQL: SHOW COLUMNS FROM `pivilege` [ RunTime:0.0045s ]
SQL: SELECT * FROM `pivilege` INNER JOIN r_p on r_p.p_id=pivilege.p_id  WHERE `r_id` = '2'  [ RunTime:0.0010s ]
INFO: [ app_end ] --START--
INFO: Run Behavior\ShowPageTraceBehavior [ RunTime:0.000598s ]
INFO: [ app_end ] --END-- [ RunTime:0.000661s ]

[ 2016-05-02T21:28:50+08:00 ] 127.0.0.1 /mouth5/zhoukaosan/index.php/Home/Index/uquery.html
INFO: [ app_init ] --START--
INFO: Run Behavior\BuildLiteBehavior [ RunTime:0.000014s ]
INFO: [ app_init ] --END-- [ RunTime:0.000349s ]
INFO: [ app_begin ] --START--
INFO: Run Behavior\ReadHtmlCacheBehavior [ RunTime:0.000506s ]
INFO: [ app_begin ] --END-- [ RunTime:0.000557s ]
SQL: SHOW COLUMNS FROM `pivilege` [ RunTime:0.0045s ]
SQL: SELECT * FROM `pivilege` INNER JOIN r_p on r_p.p_id=pivilege.p_id  WHERE `r_id` = '1'  [ RunTime:0.0007s ]
INFO: [ app_end ] --START--
INFO: Run Behavior\ShowPageTraceBehavior [ RunTime:0.000646s ]
INFO: [ app_end ] --END-- [ RunTime:0.000733s ]

